{"D:\\WorkSpace\\project\\KiemChung\\commerce-app-api\\src\\controllers\\auth.controller.js": {"path":"D:\\WorkSpace\\project\\KiemChung\\commerce-app-api\\src\\controllers\\auth.controller.js","statementMap":{"0":{"start":{"line":1,"column":15},"end":{"line":1,"column":45}},"1":{"start":{"line":2,"column":17},"end":{"line":2,"column":37}},"2":{"start":{"line":3,"column":12},"end":{"line":3,"column":35}},"3":{"start":{"line":4,"column":28},"end":{"line":4,"column":66}},"4":{"start":{"line":6,"column":2},"end":{"line":13,"column":3}},"5":{"start":{"line":7,"column":19},"end":{"line":7,"column":50}},"6":{"start":{"line":8,"column":4},"end":{"line":8,"column":27}},"7":{"start":{"line":9,"column":4},"end":{"line":9,"column":33}},"8":{"start":{"line":12,"column":4},"end":{"line":12,"column":30}},"9":{"start":{"line":16,"column":2},"end":{"line":47,"column":3}},"10":{"start":{"line":17,"column":17},"end":{"line":17,"column":70}},"11":{"start":{"line":18,"column":4},"end":{"line":21,"column":5}},"12":{"start":{"line":19,"column":6},"end":{"line":19,"column":50}},"13":{"start":{"line":20,"column":6},"end":{"line":20,"column":13}},"14":{"start":{"line":23,"column":27},"end":{"line":26,"column":5}},"15":{"start":{"line":27,"column":23},"end":{"line":27,"column":65}},"16":{"start":{"line":28,"column":4},"end":{"line":31,"column":5}},"17":{"start":{"line":29,"column":6},"end":{"line":29,"column":45}},"18":{"start":{"line":30,"column":6},"end":{"line":30,"column":13}},"19":{"start":{"line":32,"column":52},"end":{"line":32,"column":61}},"20":{"start":{"line":34,"column":22},"end":{"line":41,"column":5}},"21":{"start":{"line":43,"column":4},"end":{"line":43,"column":51}},"22":{"start":{"line":46,"column":4},"end":{"line":46,"column":28}},"23":{"start":{"line":49,"column":0},"end":{"line":49,"column":47}}},"fnMap":{"0":{"name":"createPerson","decl":{"start":{"line":5,"column":15},"end":{"line":5,"column":27}},"loc":{"start":{"line":5,"column":38},"end":{"line":14,"column":1}},"line":5},"1":{"name":"loginPerson","decl":{"start":{"line":15,"column":15},"end":{"line":15,"column":26}},"loc":{"start":{"line":15,"column":37},"end":{"line":48,"column":1}},"line":15}},"branchMap":{"0":{"loc":{"start":{"line":18,"column":4},"end":{"line":21,"column":5}},"type":"if","locations":[{"start":{"line":18,"column":4},"end":{"line":21,"column":5}},{"start":{},"end":{}}],"line":18},"1":{"loc":{"start":{"line":28,"column":4},"end":{"line":31,"column":5}},"type":"if","locations":[{"start":{"line":28,"column":4},"end":{"line":31,"column":5}},{"start":{},"end":{}}],"line":28}},"s":{"0":7,"1":7,"2":7,"3":7,"4":3,"5":3,"6":1,"7":1,"8":2,"9":3,"10":3,"11":3,"12":2,"13":2,"14":1,"15":1,"16":1,"17":0,"18":0,"19":1,"20":1,"21":1,"22":0,"23":7},"f":{"0":3,"1":3},"b":{"0":[2,1],"1":[0,1]},"_coverageSchema":"1a1c01bbd47fc00a2c39e90264f33305004495a9","hash":"fd9089f5318c0c62b1f4e0a2e6fa917c0f849584"}
,"D:\\WorkSpace\\project\\KiemChung\\commerce-app-api\\src\\controllers\\category.controller.js": {"path":"D:\\WorkSpace\\project\\KiemChung\\commerce-app-api\\src\\controllers\\category.controller.js","statementMap":{"0":{"start":{"line":1,"column":24},"end":{"line":1,"column":66}},"1":{"start":{"line":2,"column":17},"end":{"line":2,"column":49}},"2":{"start":{"line":3,"column":16},"end":{"line":3,"column":47}},"3":{"start":{"line":4,"column":0},"end":{"line":58,"column":2}},"4":{"start":{"line":6,"column":4},"end":{"line":14,"column":5}},"5":{"start":{"line":7,"column":23},"end":{"line":7,"column":31}},"6":{"start":{"line":8,"column":26},"end":{"line":8,"column":75}},"7":{"start":{"line":10,"column":6},"end":{"line":10,"column":40}},"8":{"start":{"line":12,"column":6},"end":{"line":12,"column":21}},"9":{"start":{"line":13,"column":6},"end":{"line":13,"column":30}},"10":{"start":{"line":17,"column":4},"end":{"line":28,"column":5}},"11":{"start":{"line":18,"column":6},"end":{"line":18,"column":28}},"12":{"start":{"line":19,"column":29},"end":{"line":22,"column":7}},"13":{"start":{"line":23,"column":6},"end":{"line":23,"column":54}},"14":{"start":{"line":23,"column":27},"end":{"line":23,"column":54}},"15":{"start":{"line":24,"column":6},"end":{"line":24,"column":43}},"16":{"start":{"line":26,"column":6},"end":{"line":26,"column":23}},"17":{"start":{"line":27,"column":6},"end":{"line":27,"column":32}},"18":{"start":{"line":31,"column":4},"end":{"line":37,"column":5}},"19":{"start":{"line":32,"column":6},"end":{"line":32,"column":62}},"20":{"start":{"line":33,"column":6},"end":{"line":33,"column":54}},"21":{"start":{"line":34,"column":6},"end":{"line":34,"column":60}},"22":{"start":{"line":36,"column":6},"end":{"line":36,"column":32}},"23":{"start":{"line":40,"column":4},"end":{"line":48,"column":5}},"24":{"start":{"line":41,"column":23},"end":{"line":41,"column":61}},"25":{"start":{"line":42,"column":6},"end":{"line":45,"column":51}},"26":{"start":{"line":43,"column":8},"end":{"line":43,"column":51}},"27":{"start":{"line":44,"column":8},"end":{"line":44,"column":15}},"28":{"start":{"line":45,"column":13},"end":{"line":45,"column":51}},"29":{"start":{"line":47,"column":6},"end":{"line":47,"column":32}},"30":{"start":{"line":51,"column":4},"end":{"line":56,"column":5}},"31":{"start":{"line":52,"column":27},"end":{"line":52,"column":66}},"32":{"start":{"line":53,"column":6},"end":{"line":53,"column":41}},"33":{"start":{"line":55,"column":6},"end":{"line":55,"column":32}}},"fnMap":{"0":{"name":"(anonymous_0)","decl":{"start":{"line":5,"column":18},"end":{"line":5,"column":19}},"loc":{"start":{"line":5,"column":38},"end":{"line":15,"column":3}},"line":5},"1":{"name":"(anonymous_1)","decl":{"start":{"line":16,"column":18},"end":{"line":16,"column":19}},"loc":{"start":{"line":16,"column":38},"end":{"line":29,"column":3}},"line":16},"2":{"name":"(anonymous_2)","decl":{"start":{"line":30,"column":18},"end":{"line":30,"column":19}},"loc":{"start":{"line":30,"column":38},"end":{"line":38,"column":3}},"line":30},"3":{"name":"(anonymous_3)","decl":{"start":{"line":39,"column":15},"end":{"line":39,"column":16}},"loc":{"start":{"line":39,"column":35},"end":{"line":49,"column":3}},"line":39},"4":{"name":"(anonymous_4)","decl":{"start":{"line":50,"column":19},"end":{"line":50,"column":20}},"loc":{"start":{"line":50,"column":39},"end":{"line":57,"column":3}},"line":50}},"branchMap":{"0":{"loc":{"start":{"line":23,"column":6},"end":{"line":23,"column":54}},"type":"if","locations":[{"start":{"line":23,"column":6},"end":{"line":23,"column":54}},{"start":{},"end":{}}],"line":23},"1":{"loc":{"start":{"line":42,"column":6},"end":{"line":45,"column":51}},"type":"if","locations":[{"start":{"line":42,"column":6},"end":{"line":45,"column":51}},{"start":{"line":45,"column":13},"end":{"line":45,"column":51}}],"line":42}},"s":{"0":7,"1":7,"2":7,"3":7,"4":1,"5":1,"6":1,"7":1,"8":0,"9":0,"10":2,"11":2,"12":2,"13":2,"14":1,"15":1,"16":1,"17":1,"18":3,"19":3,"20":2,"21":2,"22":1,"23":3,"24":3,"25":2,"26":1,"27":1,"28":1,"29":1,"30":1,"31":1,"32":1,"33":0},"f":{"0":1,"1":2,"2":3,"3":3,"4":1},"b":{"0":[1,1],"1":[1,1]},"_coverageSchema":"1a1c01bbd47fc00a2c39e90264f33305004495a9","hash":"deeeb0de9856f7a78ae94147cb1ec6b0340e3ed1"}
,"D:\\WorkSpace\\project\\KiemChung\\commerce-app-api\\src\\controllers\\delivery.controller.js": {"path":"D:\\WorkSpace\\project\\KiemChung\\commerce-app-api\\src\\controllers\\delivery.controller.js","statementMap":{"0":{"start":{"line":1,"column":24},"end":{"line":1,"column":66}},"1":{"start":{"line":2,"column":17},"end":{"line":2,"column":49}},"2":{"start":{"line":3,"column":25},"end":{"line":3,"column":52}},"3":{"start":{"line":4,"column":0},"end":{"line":34,"column":2}},"4":{"start":{"line":6,"column":4},"end":{"line":11,"column":5}},"5":{"start":{"line":7,"column":26},"end":{"line":7,"column":75}},"6":{"start":{"line":8,"column":6},"end":{"line":8,"column":47}},"7":{"start":{"line":10,"column":6},"end":{"line":10,"column":37}},"8":{"start":{"line":14,"column":4},"end":{"line":21,"column":5}},"9":{"start":{"line":15,"column":23},"end":{"line":15,"column":61}},"10":{"start":{"line":16,"column":6},"end":{"line":18,"column":51}},"11":{"start":{"line":17,"column":8},"end":{"line":17,"column":58}},"12":{"start":{"line":18,"column":13},"end":{"line":18,"column":51}},"13":{"start":{"line":20,"column":6},"end":{"line":20,"column":39}},"14":{"start":{"line":24,"column":4},"end":{"line":32,"column":5}},"15":{"start":{"line":25,"column":31},"end":{"line":28,"column":7}},"16":{"start":{"line":29,"column":6},"end":{"line":29,"column":52}},"17":{"start":{"line":31,"column":6},"end":{"line":31,"column":39}}},"fnMap":{"0":{"name":"(anonymous_0)","decl":{"start":{"line":5,"column":18},"end":{"line":5,"column":19}},"loc":{"start":{"line":5,"column":38},"end":{"line":12,"column":3}},"line":5},"1":{"name":"(anonymous_1)","decl":{"start":{"line":13,"column":27},"end":{"line":13,"column":28}},"loc":{"start":{"line":13,"column":47},"end":{"line":22,"column":3}},"line":13},"2":{"name":"(anonymous_2)","decl":{"start":{"line":23,"column":24},"end":{"line":23,"column":25}},"loc":{"start":{"line":23,"column":44},"end":{"line":33,"column":3}},"line":23}},"branchMap":{"0":{"loc":{"start":{"line":16,"column":6},"end":{"line":18,"column":51}},"type":"if","locations":[{"start":{"line":16,"column":6},"end":{"line":18,"column":51}},{"start":{"line":18,"column":13},"end":{"line":18,"column":51}}],"line":16}},"s":{"0":7,"1":7,"2":7,"3":7,"4":2,"5":2,"6":1,"7":1,"8":3,"9":3,"10":2,"11":1,"12":1,"13":1,"14":2,"15":2,"16":1,"17":1},"f":{"0":2,"1":3,"2":2},"b":{"0":[1,1]},"_coverageSchema":"1a1c01bbd47fc00a2c39e90264f33305004495a9","hash":"e408f1d989e1e0fb9bc7f4a74432e9bef7a31dd8"}
,"D:\\WorkSpace\\project\\KiemChung\\commerce-app-api\\src\\controllers\\discount.controller.js": {"path":"D:\\WorkSpace\\project\\KiemChung\\commerce-app-api\\src\\controllers\\discount.controller.js","statementMap":{"0":{"start":{"line":1,"column":24},"end":{"line":1,"column":63}},"1":{"start":{"line":3,"column":0},"end":{"line":52,"column":2}},"2":{"start":{"line":5,"column":4},"end":{"line":10,"column":5}},"3":{"start":{"line":6,"column":24},"end":{"line":6,"column":63}},"4":{"start":{"line":7,"column":6},"end":{"line":7,"column":45}},"5":{"start":{"line":9,"column":6},"end":{"line":9,"column":61}},"6":{"start":{"line":13,"column":4},"end":{"line":19,"column":5}},"7":{"start":{"line":14,"column":25},"end":{"line":14,"column":46}},"8":{"start":{"line":15,"column":23},"end":{"line":15,"column":72}},"9":{"start":{"line":16,"column":6},"end":{"line":16,"column":44}},"10":{"start":{"line":18,"column":6},"end":{"line":18,"column":59}},"11":{"start":{"line":22,"column":4},"end":{"line":28,"column":5}},"12":{"start":{"line":23,"column":27},"end":{"line":23,"column":35}},"13":{"start":{"line":24,"column":26},"end":{"line":24,"column":79}},"14":{"start":{"line":25,"column":6},"end":{"line":25,"column":47}},"15":{"start":{"line":27,"column":6},"end":{"line":27,"column":65}},"16":{"start":{"line":31,"column":4},"end":{"line":41,"column":5}},"17":{"start":{"line":32,"column":25},"end":{"line":32,"column":46}},"18":{"start":{"line":33,"column":30},"end":{"line":33,"column":38}},"19":{"start":{"line":34,"column":26},"end":{"line":37,"column":7}},"20":{"start":{"line":38,"column":6},"end":{"line":38,"column":47}},"21":{"start":{"line":40,"column":6},"end":{"line":40,"column":61}},"22":{"start":{"line":44,"column":4},"end":{"line":50,"column":5}},"23":{"start":{"line":45,"column":25},"end":{"line":45,"column":46}},"24":{"start":{"line":46,"column":30},"end":{"line":46,"column":78}},"25":{"start":{"line":47,"column":6},"end":{"line":47,"column":51}},"26":{"start":{"line":49,"column":6},"end":{"line":49,"column":61}}},"fnMap":{"0":{"name":"(anonymous_0)","decl":{"start":{"line":4,"column":29},"end":{"line":4,"column":30}},"loc":{"start":{"line":4,"column":49},"end":{"line":11,"column":3}},"line":4},"1":{"name":"(anonymous_1)","decl":{"start":{"line":12,"column":29},"end":{"line":12,"column":30}},"loc":{"start":{"line":12,"column":49},"end":{"line":20,"column":3}},"line":12},"2":{"name":"(anonymous_2)","decl":{"start":{"line":21,"column":31},"end":{"line":21,"column":32}},"loc":{"start":{"line":21,"column":51},"end":{"line":29,"column":3}},"line":21},"3":{"name":"(anonymous_3)","decl":{"start":{"line":30,"column":28},"end":{"line":30,"column":29}},"loc":{"start":{"line":30,"column":48},"end":{"line":42,"column":3}},"line":30},"4":{"name":"(anonymous_4)","decl":{"start":{"line":43,"column":28},"end":{"line":43,"column":29}},"loc":{"start":{"line":43,"column":48},"end":{"line":51,"column":3}},"line":43}},"branchMap":{},"s":{"0":7,"1":7,"2":2,"3":2,"4":2,"5":0,"6":2,"7":2,"8":2,"9":1,"10":1,"11":5,"12":5,"13":5,"14":4,"15":1,"16":2,"17":2,"18":2,"19":2,"20":1,"21":1,"22":2,"23":2,"24":2,"25":1,"26":1},"f":{"0":2,"1":2,"2":5,"3":2,"4":2},"b":{},"_coverageSchema":"1a1c01bbd47fc00a2c39e90264f33305004495a9","hash":"8222e3e7821b0cdc70da98bbf9119e0ffe4fb450"}
,"D:\\WorkSpace\\project\\KiemChung\\commerce-app-api\\src\\controllers\\listOfProductBuy.controller.js": {"path":"D:\\WorkSpace\\project\\KiemChung\\commerce-app-api\\src\\controllers\\listOfProductBuy.controller.js","statementMap":{"0":{"start":{"line":1,"column":32},"end":{"line":1,"column":79}},"1":{"start":{"line":3,"column":0},"end":{"line":52,"column":2}},"2":{"start":{"line":5,"column":4},"end":{"line":13,"column":5}},"3":{"start":{"line":6,"column":25},"end":{"line":6,"column":46}},"4":{"start":{"line":8,"column":8},"end":{"line":8,"column":76}},"5":{"start":{"line":9,"column":6},"end":{"line":9,"column":50}},"6":{"start":{"line":11,"column":6},"end":{"line":11,"column":35}},"7":{"start":{"line":12,"column":6},"end":{"line":12,"column":58}},"8":{"start":{"line":16,"column":4},"end":{"line":26,"column":5}},"9":{"start":{"line":17,"column":33},"end":{"line":17,"column":41}},"10":{"start":{"line":19,"column":8},"end":{"line":21,"column":9}},"11":{"start":{"line":22,"column":6},"end":{"line":22,"column":53}},"12":{"start":{"line":24,"column":6},"end":{"line":24,"column":35}},"13":{"start":{"line":25,"column":6},"end":{"line":25,"column":58}},"14":{"start":{"line":29,"column":4},"end":{"line":40,"column":5}},"15":{"start":{"line":30,"column":30},"end":{"line":30,"column":56}},"16":{"start":{"line":31,"column":33},"end":{"line":31,"column":41}},"17":{"start":{"line":33,"column":8},"end":{"line":36,"column":9}},"18":{"start":{"line":37,"column":6},"end":{"line":37,"column":37}},"19":{"start":{"line":39,"column":6},"end":{"line":39,"column":20}},"20":{"start":{"line":43,"column":4},"end":{"line":50,"column":5}},"21":{"start":{"line":44,"column":30},"end":{"line":44,"column":56}},"22":{"start":{"line":46,"column":8},"end":{"line":46,"column":75}},"23":{"start":{"line":47,"column":6},"end":{"line":47,"column":42}},"24":{"start":{"line":49,"column":6},"end":{"line":49,"column":20}}},"fnMap":{"0":{"name":"(anonymous_0)","decl":{"start":{"line":4,"column":40},"end":{"line":4,"column":41}},"loc":{"start":{"line":4,"column":60},"end":{"line":14,"column":3}},"line":4},"1":{"name":"(anonymous_1)","decl":{"start":{"line":15,"column":37},"end":{"line":15,"column":38}},"loc":{"start":{"line":15,"column":57},"end":{"line":27,"column":3}},"line":15},"2":{"name":"(anonymous_2)","decl":{"start":{"line":28,"column":34},"end":{"line":28,"column":35}},"loc":{"start":{"line":28,"column":54},"end":{"line":41,"column":3}},"line":28},"3":{"name":"(anonymous_3)","decl":{"start":{"line":42,"column":24},"end":{"line":42,"column":25}},"loc":{"start":{"line":42,"column":44},"end":{"line":51,"column":3}},"line":42}},"branchMap":{},"s":{"0":7,"1":7,"2":0,"3":0,"4":0,"5":0,"6":0,"7":0,"8":0,"9":0,"10":0,"11":0,"12":0,"13":0,"14":0,"15":0,"16":0,"17":0,"18":0,"19":0,"20":0,"21":0,"22":0,"23":0,"24":0},"f":{"0":0,"1":0,"2":0,"3":0},"b":{},"_coverageSchema":"1a1c01bbd47fc00a2c39e90264f33305004495a9","hash":"ef890f5be45de42b6c9797561cc0f576b5ecdb01"}
,"D:\\WorkSpace\\project\\KiemChung\\commerce-app-api\\src\\controllers\\order.controller.js": {"path":"D:\\WorkSpace\\project\\KiemChung\\commerce-app-api\\src\\controllers\\order.controller.js","statementMap":{"0":{"start":{"line":1,"column":21},"end":{"line":1,"column":60}},"1":{"start":{"line":2,"column":14},"end":{"line":2,"column":43}},"2":{"start":{"line":3,"column":25},"end":{"line":3,"column":52}},"3":{"start":{"line":4,"column":0},"end":{"line":75,"column":2}},"4":{"start":{"line":6,"column":4},"end":{"line":17,"column":5}},"5":{"start":{"line":7,"column":20},"end":{"line":7,"column":28}},"6":{"start":{"line":8,"column":6},"end":{"line":8,"column":32}},"7":{"start":{"line":9,"column":23},"end":{"line":12,"column":7}},"8":{"start":{"line":13,"column":6},"end":{"line":13,"column":44}},"9":{"start":{"line":15,"column":6},"end":{"line":15,"column":21}},"10":{"start":{"line":16,"column":6},"end":{"line":16,"column":37}},"11":{"start":{"line":20,"column":4},"end":{"line":30,"column":5}},"12":{"start":{"line":21,"column":26},"end":{"line":26,"column":7}},"13":{"start":{"line":27,"column":6},"end":{"line":27,"column":47}},"14":{"start":{"line":29,"column":6},"end":{"line":29,"column":39}},"15":{"start":{"line":33,"column":4},"end":{"line":41,"column":5}},"16":{"start":{"line":34,"column":28},"end":{"line":37,"column":7}},"17":{"start":{"line":38,"column":6},"end":{"line":38,"column":49}},"18":{"start":{"line":40,"column":6},"end":{"line":40,"column":39}},"19":{"start":{"line":44,"column":4},"end":{"line":55,"column":5}},"20":{"start":{"line":45,"column":20},"end":{"line":47,"column":8}},"21":{"start":{"line":48,"column":6},"end":{"line":48,"column":25}},"22":{"start":{"line":49,"column":6},"end":{"line":51,"column":48}},"23":{"start":{"line":50,"column":8},"end":{"line":50,"column":55}},"24":{"start":{"line":51,"column":13},"end":{"line":51,"column":48}},"25":{"start":{"line":53,"column":6},"end":{"line":53,"column":23}},"26":{"start":{"line":54,"column":6},"end":{"line":54,"column":39}},"27":{"start":{"line":58,"column":4},"end":{"line":65,"column":5}},"28":{"start":{"line":59,"column":21},"end":{"line":59,"column":68}},"29":{"start":{"line":60,"column":6},"end":{"line":62,"column":49}},"30":{"start":{"line":61,"column":8},"end":{"line":61,"column":55}},"31":{"start":{"line":62,"column":13},"end":{"line":62,"column":49}},"32":{"start":{"line":64,"column":6},"end":{"line":64,"column":39}},"33":{"start":{"line":68,"column":4},"end":{"line":73,"column":5}},"34":{"start":{"line":69,"column":24},"end":{"line":69,"column":57}},"35":{"start":{"line":70,"column":6},"end":{"line":70,"column":45}},"36":{"start":{"line":72,"column":6},"end":{"line":72,"column":39}}},"fnMap":{"0":{"name":"(anonymous_0)","decl":{"start":{"line":5,"column":15},"end":{"line":5,"column":16}},"loc":{"start":{"line":5,"column":35},"end":{"line":18,"column":3}},"line":5},"1":{"name":"(anonymous_1)","decl":{"start":{"line":19,"column":23},"end":{"line":19,"column":24}},"loc":{"start":{"line":19,"column":43},"end":{"line":31,"column":3}},"line":19},"2":{"name":"(anonymous_2)","decl":{"start":{"line":32,"column":15},"end":{"line":32,"column":16}},"loc":{"start":{"line":32,"column":35},"end":{"line":42,"column":3}},"line":32},"3":{"name":"(anonymous_3)","decl":{"start":{"line":43,"column":16},"end":{"line":43,"column":17}},"loc":{"start":{"line":43,"column":36},"end":{"line":56,"column":3}},"line":43},"4":{"name":"(anonymous_4)","decl":{"start":{"line":57,"column":20},"end":{"line":57,"column":21}},"loc":{"start":{"line":57,"column":40},"end":{"line":66,"column":3}},"line":57},"5":{"name":"(anonymous_5)","decl":{"start":{"line":67,"column":16},"end":{"line":67,"column":17}},"loc":{"start":{"line":67,"column":36},"end":{"line":74,"column":3}},"line":67}},"branchMap":{"0":{"loc":{"start":{"line":49,"column":6},"end":{"line":51,"column":48}},"type":"if","locations":[{"start":{"line":49,"column":6},"end":{"line":51,"column":48}},{"start":{"line":51,"column":13},"end":{"line":51,"column":48}}],"line":49},"1":{"loc":{"start":{"line":60,"column":6},"end":{"line":62,"column":49}},"type":"if","locations":[{"start":{"line":60,"column":6},"end":{"line":62,"column":49}},{"start":{"line":62,"column":13},"end":{"line":62,"column":49}}],"line":60},"2":{"loc":{"start":{"line":60,"column":10},"end":{"line":60,"column":39}},"type":"binary-expr","locations":[{"start":{"line":60,"column":10},"end":{"line":60,"column":17}},{"start":{"line":60,"column":21},"end":{"line":60,"column":39}}],"line":60}},"s":{"0":7,"1":7,"2":7,"3":7,"4":0,"5":0,"6":0,"7":0,"8":0,"9":0,"10":0,"11":0,"12":0,"13":0,"14":0,"15":0,"16":0,"17":0,"18":0,"19":0,"20":0,"21":0,"22":0,"23":0,"24":0,"25":0,"26":0,"27":0,"28":0,"29":0,"30":0,"31":0,"32":0,"33":0,"34":0,"35":0,"36":0},"f":{"0":0,"1":0,"2":0,"3":0,"4":0,"5":0},"b":{"0":[0,0],"1":[0,0],"2":[0,0]},"_coverageSchema":"1a1c01bbd47fc00a2c39e90264f33305004495a9","hash":"d17e1562528390b25880a9699d0d081830bd1e91"}
,"D:\\WorkSpace\\project\\KiemChung\\commerce-app-api\\src\\controllers\\payment.controller.js": {"path":"D:\\WorkSpace\\project\\KiemChung\\commerce-app-api\\src\\controllers\\payment.controller.js","statementMap":{"0":{"start":{"line":1,"column":23},"end":{"line":1,"column":64}},"1":{"start":{"line":2,"column":16},"end":{"line":2,"column":47}},"2":{"start":{"line":3,"column":27},"end":{"line":3,"column":54}},"3":{"start":{"line":4,"column":0},"end":{"line":21,"column":2}},"4":{"start":{"line":6,"column":4},"end":{"line":19,"column":5}},"5":{"start":{"line":7,"column":22},"end":{"line":9,"column":7}},"6":{"start":{"line":10,"column":6},"end":{"line":10,"column":27}},"7":{"start":{"line":11,"column":6},"end":{"line":11,"column":53}},"8":{"start":{"line":11,"column":28},"end":{"line":11,"column":53}},"9":{"start":{"line":12,"column":25},"end":{"line":14,"column":8}},"10":{"start":{"line":15,"column":6},"end":{"line":15,"column":46}},"11":{"start":{"line":17,"column":6},"end":{"line":17,"column":21}},"12":{"start":{"line":18,"column":6},"end":{"line":18,"column":37}}},"fnMap":{"0":{"name":"(anonymous_0)","decl":{"start":{"line":5,"column":25},"end":{"line":5,"column":26}},"loc":{"start":{"line":5,"column":45},"end":{"line":20,"column":3}},"line":5}},"branchMap":{"0":{"loc":{"start":{"line":11,"column":6},"end":{"line":11,"column":53}},"type":"if","locations":[{"start":{"line":11,"column":6},"end":{"line":11,"column":53}},{"start":{},"end":{}}],"line":11}},"s":{"0":7,"1":7,"2":7,"3":7,"4":2,"5":2,"6":2,"7":2,"8":1,"9":1,"10":1,"11":1,"12":1},"f":{"0":2},"b":{"0":[1,1]},"_coverageSchema":"1a1c01bbd47fc00a2c39e90264f33305004495a9","hash":"51ebfd1b70348cb8198daa44a420bc937a98ef62"}
,"D:\\WorkSpace\\project\\KiemChung\\commerce-app-api\\src\\controllers\\product.controler.js": {"path":"D:\\WorkSpace\\project\\KiemChung\\commerce-app-api\\src\\controllers\\product.controler.js","statementMap":{"0":{"start":{"line":1,"column":23},"end":{"line":1,"column":64}},"1":{"start":{"line":2,"column":16},"end":{"line":2,"column":47}},"2":{"start":{"line":3,"column":0},"end":{"line":52,"column":2}},"3":{"start":{"line":5,"column":4},"end":{"line":12,"column":5}},"4":{"start":{"line":6,"column":22},"end":{"line":6,"column":30}},"5":{"start":{"line":7,"column":25},"end":{"line":7,"column":71}},"6":{"start":{"line":8,"column":6},"end":{"line":8,"column":39}},"7":{"start":{"line":10,"column":6},"end":{"line":10,"column":21}},"8":{"start":{"line":11,"column":6},"end":{"line":11,"column":30}},"9":{"start":{"line":15,"column":4},"end":{"line":23,"column":5}},"10":{"start":{"line":16,"column":28},"end":{"line":19,"column":7}},"11":{"start":{"line":20,"column":6},"end":{"line":20,"column":42}},"12":{"start":{"line":22,"column":6},"end":{"line":22,"column":32}},"13":{"start":{"line":26,"column":4},"end":{"line":32,"column":5}},"14":{"start":{"line":27,"column":22},"end":{"line":27,"column":68}},"15":{"start":{"line":28,"column":6},"end":{"line":28,"column":45}},"16":{"start":{"line":28,"column":20},"end":{"line":28,"column":45}},"17":{"start":{"line":29,"column":6},"end":{"line":29,"column":59}},"18":{"start":{"line":31,"column":6},"end":{"line":31,"column":32}},"19":{"start":{"line":35,"column":4},"end":{"line":42,"column":5}},"20":{"start":{"line":36,"column":22},"end":{"line":36,"column":59}},"21":{"start":{"line":37,"column":6},"end":{"line":39,"column":43}},"22":{"start":{"line":38,"column":8},"end":{"line":38,"column":50}},"23":{"start":{"line":39,"column":13},"end":{"line":39,"column":43}},"24":{"start":{"line":41,"column":6},"end":{"line":41,"column":32}},"25":{"start":{"line":45,"column":4},"end":{"line":50,"column":5}},"26":{"start":{"line":46,"column":26},"end":{"line":46,"column":63}},"27":{"start":{"line":47,"column":6},"end":{"line":47,"column":40}},"28":{"start":{"line":49,"column":6},"end":{"line":49,"column":32}}},"fnMap":{"0":{"name":"(anonymous_0)","decl":{"start":{"line":4,"column":17},"end":{"line":4,"column":18}},"loc":{"start":{"line":4,"column":37},"end":{"line":13,"column":3}},"line":4},"1":{"name":"(anonymous_1)","decl":{"start":{"line":14,"column":17},"end":{"line":14,"column":18}},"loc":{"start":{"line":14,"column":37},"end":{"line":24,"column":3}},"line":14},"2":{"name":"(anonymous_2)","decl":{"start":{"line":25,"column":17},"end":{"line":25,"column":18}},"loc":{"start":{"line":25,"column":37},"end":{"line":33,"column":3}},"line":25},"3":{"name":"(anonymous_3)","decl":{"start":{"line":34,"column":14},"end":{"line":34,"column":15}},"loc":{"start":{"line":34,"column":34},"end":{"line":43,"column":3}},"line":34},"4":{"name":"(anonymous_4)","decl":{"start":{"line":44,"column":18},"end":{"line":44,"column":19}},"loc":{"start":{"line":44,"column":38},"end":{"line":51,"column":3}},"line":44}},"branchMap":{"0":{"loc":{"start":{"line":28,"column":6},"end":{"line":28,"column":45}},"type":"if","locations":[{"start":{"line":28,"column":6},"end":{"line":28,"column":45}},{"start":{},"end":{}}],"line":28},"1":{"loc":{"start":{"line":37,"column":6},"end":{"line":39,"column":43}},"type":"if","locations":[{"start":{"line":37,"column":6},"end":{"line":39,"column":43}},{"start":{"line":39,"column":13},"end":{"line":39,"column":43}}],"line":37}},"s":{"0":7,"1":7,"2":7,"3":3,"4":3,"5":3,"6":2,"7":1,"8":1,"9":2,"10":2,"11":1,"12":1,"13":2,"14":2,"15":1,"16":0,"17":1,"18":1,"19":4,"20":4,"21":4,"22":2,"23":2,"24":0,"25":1,"26":1,"27":1,"28":0},"f":{"0":3,"1":2,"2":2,"3":4,"4":1},"b":{"0":[0,1],"1":[2,2]},"_coverageSchema":"1a1c01bbd47fc00a2c39e90264f33305004495a9","hash":"b81c1b106c9cf38cd4c82ae43115654b8966da70"}
,"D:\\WorkSpace\\project\\KiemChung\\commerce-app-api\\src\\controllers\\user.controller.js": {"path":"D:\\WorkSpace\\project\\KiemChung\\commerce-app-api\\src\\controllers\\user.controller.js","statementMap":{"0":{"start":{"line":1,"column":15},"end":{"line":1,"column":42}},"1":{"start":{"line":2,"column":27},"end":{"line":2,"column":66}},"2":{"start":{"line":3,"column":17},"end":{"line":3,"column":37}},"3":{"start":{"line":5,"column":0},"end":{"line":72,"column":2}},"4":{"start":{"line":7,"column":4},"end":{"line":33,"column":5}},"5":{"start":{"line":8,"column":6},"end":{"line":8,"column":28}},"6":{"start":{"line":9,"column":6},"end":{"line":14,"column":7}},"7":{"start":{"line":10,"column":8},"end":{"line":13,"column":21}},"8":{"start":{"line":15,"column":23},"end":{"line":15,"column":59}},"9":{"start":{"line":16,"column":6},"end":{"line":18,"column":7}},"10":{"start":{"line":17,"column":8},"end":{"line":17,"column":38}},"11":{"start":{"line":19,"column":6},"end":{"line":19,"column":50}},"12":{"start":{"line":19,"column":27},"end":{"line":19,"column":50}},"13":{"start":{"line":20,"column":6},"end":{"line":22,"column":7}},"14":{"start":{"line":21,"column":8},"end":{"line":21,"column":45}},"15":{"start":{"line":23,"column":27},"end":{"line":27,"column":7}},"16":{"start":{"line":28,"column":54},"end":{"line":28,"column":71}},"17":{"start":{"line":30,"column":6},"end":{"line":30,"column":35}},"18":{"start":{"line":32,"column":6},"end":{"line":32,"column":32}},"19":{"start":{"line":44,"column":4},"end":{"line":50,"column":5}},"20":{"start":{"line":45,"column":21},"end":{"line":45,"column":57}},"21":{"start":{"line":46,"column":58},"end":{"line":46,"column":69}},"22":{"start":{"line":47,"column":6},"end":{"line":47,"column":39}},"23":{"start":{"line":49,"column":6},"end":{"line":49,"column":40}},"24":{"start":{"line":53,"column":22},"end":{"line":53,"column":41}},"25":{"start":{"line":54,"column":4},"end":{"line":54,"column":36}},"26":{"start":{"line":57,"column":4},"end":{"line":70,"column":5}},"27":{"start":{"line":58,"column":30},"end":{"line":64,"column":7}},"28":{"start":{"line":65,"column":26},"end":{"line":65,"column":65}},"29":{"start":{"line":66,"column":21},"end":{"line":66,"column":45}},"30":{"start":{"line":67,"column":6},"end":{"line":67,"column":35}},"31":{"start":{"line":69,"column":6},"end":{"line":69,"column":32}}},"fnMap":{"0":{"name":"(anonymous_0)","decl":{"start":{"line":6,"column":16},"end":{"line":6,"column":17}},"loc":{"start":{"line":6,"column":36},"end":{"line":34,"column":3}},"line":6},"1":{"name":"(anonymous_1)","decl":{"start":{"line":43,"column":14},"end":{"line":43,"column":15}},"loc":{"start":{"line":43,"column":34},"end":{"line":51,"column":3}},"line":43},"2":{"name":"(anonymous_2)","decl":{"start":{"line":52,"column":17},"end":{"line":52,"column":18}},"loc":{"start":{"line":52,"column":37},"end":{"line":55,"column":3}},"line":52},"3":{"name":"(anonymous_3)","decl":{"start":{"line":56,"column":26},"end":{"line":56,"column":27}},"loc":{"start":{"line":56,"column":46},"end":{"line":71,"column":3}},"line":56}},"branchMap":{"0":{"loc":{"start":{"line":9,"column":6},"end":{"line":14,"column":7}},"type":"if","locations":[{"start":{"line":9,"column":6},"end":{"line":14,"column":7}},{"start":{},"end":{}}],"line":9},"1":{"loc":{"start":{"line":16,"column":6},"end":{"line":18,"column":7}},"type":"if","locations":[{"start":{"line":16,"column":6},"end":{"line":18,"column":7}},{"start":{},"end":{}}],"line":16},"2":{"loc":{"start":{"line":16,"column":10},"end":{"line":16,"column":58}},"type":"binary-expr","locations":[{"start":{"line":16,"column":10},"end":{"line":16,"column":32}},{"start":{"line":16,"column":36},"end":{"line":16,"column":58}}],"line":16},"3":{"loc":{"start":{"line":19,"column":6},"end":{"line":19,"column":50}},"type":"if","locations":[{"start":{"line":19,"column":6},"end":{"line":19,"column":50}},{"start":{},"end":{}}],"line":19},"4":{"loc":{"start":{"line":20,"column":6},"end":{"line":22,"column":7}},"type":"if","locations":[{"start":{"line":20,"column":6},"end":{"line":22,"column":7}},{"start":{},"end":{}}],"line":20}},"s":{"0":7,"1":7,"2":7,"3":7,"4":4,"5":4,"6":4,"7":2,"8":4,"9":4,"10":1,"11":4,"12":2,"13":4,"14":2,"15":2,"16":2,"17":2,"18":2,"19":1,"20":1,"21":1,"22":1,"23":0,"24":1,"25":1,"26":2,"27":2,"28":2,"29":2,"30":1,"31":1},"f":{"0":4,"1":1,"2":1,"3":2},"b":{"0":[2,2],"1":[1,3],"2":[4,2],"3":[2,2],"4":[2,2]},"_coverageSchema":"1a1c01bbd47fc00a2c39e90264f33305004495a9","hash":"2bb5937757acd905fea1cdfdeabe936671b7408d"}
,"D:\\WorkSpace\\project\\KiemChung\\commerce-app-api\\src\\middlewares\\verifyToken.js": {"path":"D:\\WorkSpace\\project\\KiemChung\\commerce-app-api\\src\\middlewares\\verifyToken.js","statementMap":{"0":{"start":{"line":1,"column":12},"end":{"line":1,"column":35}},"1":{"start":{"line":2,"column":15},"end":{"line":2,"column":42}},"2":{"start":{"line":3,"column":20},"end":{"line":17,"column":1}},"3":{"start":{"line":4,"column":21},"end":{"line":4,"column":38}},"4":{"start":{"line":6,"column":2},"end":{"line":16,"column":3}},"5":{"start":{"line":7,"column":18},"end":{"line":7,"column":42}},"6":{"start":{"line":8,"column":4},"end":{"line":13,"column":7}},"7":{"start":{"line":9,"column":6},"end":{"line":9,"column":59}},"8":{"start":{"line":9,"column":15},"end":{"line":9,"column":59}},"9":{"start":{"line":10,"column":6},"end":{"line":10,"column":26}},"10":{"start":{"line":12,"column":6},"end":{"line":12,"column":13}},"11":{"start":{"line":15,"column":4},"end":{"line":15,"column":61}},"12":{"start":{"line":19,"column":23},"end":{"line":27,"column":1}},"13":{"start":{"line":20,"column":2},"end":{"line":26,"column":5}},"14":{"start":{"line":21,"column":4},"end":{"line":25,"column":5}},"15":{"start":{"line":22,"column":6},"end":{"line":22,"column":13}},"16":{"start":{"line":24,"column":6},"end":{"line":24,"column":80}},"17":{"start":{"line":29,"column":0},"end":{"line":29,"column":49}}},"fnMap":{"0":{"name":"(anonymous_0)","decl":{"start":{"line":3,"column":20},"end":{"line":3,"column":21}},"loc":{"start":{"line":3,"column":40},"end":{"line":17,"column":1}},"line":3},"1":{"name":"(anonymous_1)","decl":{"start":{"line":8,"column":43},"end":{"line":8,"column":44}},"loc":{"start":{"line":8,"column":66},"end":{"line":13,"column":5}},"line":8},"2":{"name":"(anonymous_2)","decl":{"start":{"line":19,"column":23},"end":{"line":19,"column":24}},"loc":{"start":{"line":19,"column":43},"end":{"line":27,"column":1}},"line":19},"3":{"name":"(anonymous_3)","decl":{"start":{"line":20,"column":24},"end":{"line":20,"column":25}},"loc":{"start":{"line":20,"column":30},"end":{"line":26,"column":3}},"line":20}},"branchMap":{"0":{"loc":{"start":{"line":6,"column":2},"end":{"line":16,"column":3}},"type":"if","locations":[{"start":{"line":6,"column":2},"end":{"line":16,"column":3}},{"start":{"line":14,"column":9},"end":{"line":16,"column":3}}],"line":6},"1":{"loc":{"start":{"line":9,"column":6},"end":{"line":9,"column":59}},"type":"if","locations":[{"start":{"line":9,"column":6},"end":{"line":9,"column":59}},{"start":{},"end":{}}],"line":9},"2":{"loc":{"start":{"line":21,"column":4},"end":{"line":25,"column":5}},"type":"if","locations":[{"start":{"line":21,"column":4},"end":{"line":25,"column":5}},{"start":{"line":23,"column":11},"end":{"line":25,"column":5}}],"line":21}},"s":{"0":7,"1":7,"2":7,"3":67,"4":67,"5":48,"6":48,"7":48,"8":0,"9":48,"10":48,"11":19,"12":7,"13":22,"14":16,"15":11,"16":5,"17":7},"f":{"0":67,"1":48,"2":22,"3":16},"b":{"0":[48,19],"1":[0,48],"2":[11,5]},"_coverageSchema":"1a1c01bbd47fc00a2c39e90264f33305004495a9","hash":"0cc02fb2386393059bc6789961b879edf66c9c45"}
,"D:\\WorkSpace\\project\\KiemChung\\commerce-app-api\\src\\models\\Category.js": {"path":"D:\\WorkSpace\\project\\KiemChung\\commerce-app-api\\src\\models\\Category.js","statementMap":{"0":{"start":{"line":1,"column":17},"end":{"line":1,"column":36}},"1":{"start":{"line":3,"column":23},"end":{"line":5,"column":2}},"2":{"start":{"line":6,"column":17},"end":{"line":6,"column":59}},"3":{"start":{"line":8,"column":0},"end":{"line":8,"column":26}}},"fnMap":{},"branchMap":{},"s":{"0":7,"1":7,"2":7,"3":7},"f":{},"b":{},"_coverageSchema":"1a1c01bbd47fc00a2c39e90264f33305004495a9","hash":"1081e537bcfe27bf0af7e14245cd2325aa738ffd"}
,"D:\\WorkSpace\\project\\KiemChung\\commerce-app-api\\src\\models\\Delivery.js": {"path":"D:\\WorkSpace\\project\\KiemChung\\commerce-app-api\\src\\models\\Delivery.js","statementMap":{"0":{"start":{"line":1,"column":17},"end":{"line":1,"column":36}},"1":{"start":{"line":3,"column":23},"end":{"line":20,"column":2}},"2":{"start":{"line":22,"column":17},"end":{"line":22,"column":59}},"3":{"start":{"line":24,"column":0},"end":{"line":24,"column":26}}},"fnMap":{},"branchMap":{},"s":{"0":7,"1":7,"2":7,"3":7},"f":{},"b":{},"_coverageSchema":"1a1c01bbd47fc00a2c39e90264f33305004495a9","hash":"80273effbfdb065c3c8171e4271c1460226ed2c2"}
,"D:\\WorkSpace\\project\\KiemChung\\commerce-app-api\\src\\models\\Discount.js": {"path":"D:\\WorkSpace\\project\\KiemChung\\commerce-app-api\\src\\models\\Discount.js","statementMap":{"0":{"start":{"line":1,"column":17},"end":{"line":1,"column":36}},"1":{"start":{"line":3,"column":23},"end":{"line":13,"column":2}},"2":{"start":{"line":14,"column":0},"end":{"line":21,"column":3}},"3":{"start":{"line":15,"column":2},"end":{"line":19,"column":3}},"4":{"start":{"line":16,"column":4},"end":{"line":16,"column":32}},"5":{"start":{"line":18,"column":4},"end":{"line":18,"column":30}},"6":{"start":{"line":20,"column":2},"end":{"line":20,"column":9}},"7":{"start":{"line":23,"column":17},"end":{"line":23,"column":59}},"8":{"start":{"line":25,"column":0},"end":{"line":25,"column":26}}},"fnMap":{"0":{"name":"(anonymous_0)","decl":{"start":{"line":14,"column":27},"end":{"line":14,"column":28}},"loc":{"start":{"line":14,"column":43},"end":{"line":21,"column":1}},"line":14}},"branchMap":{"0":{"loc":{"start":{"line":15,"column":2},"end":{"line":19,"column":3}},"type":"if","locations":[{"start":{"line":15,"column":2},"end":{"line":19,"column":3}},{"start":{"line":17,"column":9},"end":{"line":19,"column":3}}],"line":15}},"s":{"0":7,"1":7,"2":7,"3":6,"4":0,"5":6,"6":6,"7":7,"8":7},"f":{"0":6},"b":{"0":[0,6]},"_coverageSchema":"1a1c01bbd47fc00a2c39e90264f33305004495a9","hash":"31578e4138e9b205368a9e07284d42d5598d1ef6"}
,"D:\\WorkSpace\\project\\KiemChung\\commerce-app-api\\src\\models\\ListOfProductBuy.js": {"path":"D:\\WorkSpace\\project\\KiemChung\\commerce-app-api\\src\\models\\ListOfProductBuy.js","statementMap":{"0":{"start":{"line":1,"column":17},"end":{"line":1,"column":36}},"1":{"start":{"line":4,"column":31},"end":{"line":23,"column":1}},"2":{"start":{"line":25,"column":25},"end":{"line":28,"column":1}},"3":{"start":{"line":30,"column":0},"end":{"line":30,"column":34}}},"fnMap":{},"branchMap":{},"s":{"0":7,"1":7,"2":7,"3":7},"f":{},"b":{},"_coverageSchema":"1a1c01bbd47fc00a2c39e90264f33305004495a9","hash":"98ce8b10b8ef65c1755842dfe241fb412ed1b329"}
,"D:\\WorkSpace\\project\\KiemChung\\commerce-app-api\\src\\models\\Order.js": {"path":"D:\\WorkSpace\\project\\KiemChung\\commerce-app-api\\src\\models\\Order.js","statementMap":{"0":{"start":{"line":1,"column":17},"end":{"line":1,"column":36}},"1":{"start":{"line":3,"column":22},"end":{"line":6,"column":2}},"2":{"start":{"line":7,"column":20},"end":{"line":42,"column":1}},"3":{"start":{"line":43,"column":0},"end":{"line":45,"column":30}},"4":{"start":{"line":44,"column":2},"end":{"line":44,"column":26}},"5":{"start":{"line":47,"column":0},"end":{"line":56,"column":3}},"6":{"start":{"line":48,"column":2},"end":{"line":55,"column":4}},"7":{"start":{"line":50,"column":6},"end":{"line":50,"column":64}},"8":{"start":{"line":53,"column":6},"end":{"line":53,"column":37}},"9":{"start":{"line":57,"column":14},"end":{"line":57,"column":50}},"10":{"start":{"line":59,"column":0},"end":{"line":59,"column":23}}},"fnMap":{"0":{"name":"(anonymous_0)","decl":{"start":{"line":43,"column":35},"end":{"line":43,"column":36}},"loc":{"start":{"line":43,"column":52},"end":{"line":45,"column":1}},"line":43},"1":{"name":"(anonymous_1)","decl":{"start":{"line":47,"column":37},"end":{"line":47,"column":38}},"loc":{"start":{"line":47,"column":49},"end":{"line":56,"column":1}},"line":47},"2":{"name":"(anonymous_2)","decl":{"start":{"line":49,"column":22},"end":{"line":49,"column":23}},"loc":{"start":{"line":49,"column":42},"end":{"line":51,"column":5}},"line":49},"3":{"name":"(anonymous_3)","decl":{"start":{"line":52,"column":26},"end":{"line":52,"column":27}},"loc":{"start":{"line":52,"column":47},"end":{"line":54,"column":5}},"line":52}},"branchMap":{},"s":{"0":7,"1":7,"2":7,"3":7,"4":1,"5":7,"6":1,"7":1,"8":0,"9":7,"10":7},"f":{"0":1,"1":1,"2":1,"3":0},"b":{},"_coverageSchema":"1a1c01bbd47fc00a2c39e90264f33305004495a9","hash":"74397d310973fcb69e2ef3694eb22fc9f85dde64"}
,"D:\\WorkSpace\\project\\KiemChung\\commerce-app-api\\src\\models\\Payment.js": {"path":"D:\\WorkSpace\\project\\KiemChung\\commerce-app-api\\src\\models\\Payment.js","statementMap":{"0":{"start":{"line":1,"column":17},"end":{"line":1,"column":36}},"1":{"start":{"line":3,"column":22},"end":{"line":20,"column":1}},"2":{"start":{"line":22,"column":16},"end":{"line":22,"column":56}},"3":{"start":{"line":24,"column":0},"end":{"line":24,"column":25}}},"fnMap":{},"branchMap":{},"s":{"0":7,"1":7,"2":7,"3":7},"f":{},"b":{},"_coverageSchema":"1a1c01bbd47fc00a2c39e90264f33305004495a9","hash":"a3a80db1d205a18ef197dd0bf76bf9bd14435589"}
,"D:\\WorkSpace\\project\\KiemChung\\commerce-app-api\\src\\models\\Person.js": {"path":"D:\\WorkSpace\\project\\KiemChung\\commerce-app-api\\src\\models\\Person.js","statementMap":{"0":{"start":{"line":1,"column":17},"end":{"line":1,"column":36}},"1":{"start":{"line":2,"column":21},"end":{"line":22,"column":2}},"2":{"start":{"line":24,"column":15},"end":{"line":24,"column":53}},"3":{"start":{"line":26,"column":0},"end":{"line":26,"column":24}}},"fnMap":{},"branchMap":{},"s":{"0":7,"1":7,"2":7,"3":7},"f":{},"b":{},"_coverageSchema":"1a1c01bbd47fc00a2c39e90264f33305004495a9","hash":"8538a62b717b6531bd89a0574602694534e86b31"}
,"D:\\WorkSpace\\project\\KiemChung\\commerce-app-api\\src\\models\\Product.js": {"path":"D:\\WorkSpace\\project\\KiemChung\\commerce-app-api\\src\\models\\Product.js","statementMap":{"0":{"start":{"line":1,"column":17},"end":{"line":1,"column":36}},"1":{"start":{"line":3,"column":22},"end":{"line":26,"column":2}},"2":{"start":{"line":27,"column":0},"end":{"line":31,"column":2}},"3":{"start":{"line":28,"column":12},"end":{"line":28,"column":27}},"4":{"start":{"line":29,"column":2},"end":{"line":29,"column":17}},"5":{"start":{"line":30,"column":2},"end":{"line":30,"column":13}},"6":{"start":{"line":33,"column":16},"end":{"line":33,"column":56}},"7":{"start":{"line":35,"column":0},"end":{"line":35,"column":25}}},"fnMap":{"0":{"name":"(anonymous_0)","decl":{"start":{"line":27,"column":31},"end":{"line":27,"column":32}},"loc":{"start":{"line":27,"column":43},"end":{"line":31,"column":1}},"line":27}},"branchMap":{},"s":{"0":7,"1":7,"2":7,"3":8,"4":8,"5":8,"6":7,"7":7},"f":{"0":8},"b":{},"_coverageSchema":"1a1c01bbd47fc00a2c39e90264f33305004495a9","hash":"1221d146db54ca3206a391495f36e06012055676"}
,"D:\\WorkSpace\\project\\KiemChung\\commerce-app-api\\src\\models\\ReceiverInfomation.js": {"path":"D:\\WorkSpace\\project\\KiemChung\\commerce-app-api\\src\\models\\ReceiverInfomation.js","statementMap":{"0":{"start":{"line":1,"column":17},"end":{"line":1,"column":36}},"1":{"start":{"line":3,"column":33},"end":{"line":16,"column":2}},"2":{"start":{"line":18,"column":27},"end":{"line":21,"column":1}},"3":{"start":{"line":23,"column":0},"end":{"line":23,"column":36}}},"fnMap":{},"branchMap":{},"s":{"0":7,"1":7,"2":7,"3":7},"f":{},"b":{},"_coverageSchema":"1a1c01bbd47fc00a2c39e90264f33305004495a9","hash":"34144a3582c202ce8219256913bb54b4f381a553"}
,"D:\\WorkSpace\\project\\KiemChung\\commerce-app-api\\src\\routes\\auth.route.js": {"path":"D:\\WorkSpace\\project\\KiemChung\\commerce-app-api\\src\\routes\\auth.route.js","statementMap":{"0":{"start":{"line":1,"column":15},"end":{"line":1,"column":42}},"1":{"start":{"line":2,"column":23},"end":{"line":2,"column":64}},"2":{"start":{"line":5,"column":0},"end":{"line":5,"column":54}},"3":{"start":{"line":7,"column":0},"end":{"line":7,"column":50}},"4":{"start":{"line":9,"column":0},"end":{"line":9,"column":24}}},"fnMap":{},"branchMap":{},"s":{"0":7,"1":7,"2":7,"3":7,"4":7},"f":{},"b":{},"_coverageSchema":"1a1c01bbd47fc00a2c39e90264f33305004495a9","hash":"5829b12c2d600376a9be054f3209248944d551e0"}
,"D:\\WorkSpace\\project\\KiemChung\\commerce-app-api\\src\\routes\\category.route.js": {"path":"D:\\WorkSpace\\project\\KiemChung\\commerce-app-api\\src\\routes\\category.route.js","statementMap":{"0":{"start":{"line":1,"column":15},"end":{"line":1,"column":42}},"1":{"start":{"line":2,"column":27},"end":{"line":2,"column":72}},"2":{"start":{"line":6,"column":4},"end":{"line":6,"column":44}},"3":{"start":{"line":8,"column":0},"end":{"line":8,"column":68}},"4":{"start":{"line":9,"column":0},"end":{"line":9,"column":70}},"5":{"start":{"line":10,"column":0},"end":{"line":10,"column":73}},"6":{"start":{"line":11,"column":0},"end":{"line":11,"column":51}},"7":{"start":{"line":12,"column":0},"end":{"line":12,"column":52}},"8":{"start":{"line":14,"column":0},"end":{"line":14,"column":24}}},"fnMap":{},"branchMap":{},"s":{"0":7,"1":7,"2":7,"3":7,"4":7,"5":7,"6":7,"7":7,"8":7},"f":{},"b":{},"_coverageSchema":"1a1c01bbd47fc00a2c39e90264f33305004495a9","hash":"d4a458b5a695f5f68f47485f1ecc9a03ba06c2ad"}
,"D:\\WorkSpace\\project\\KiemChung\\commerce-app-api\\src\\routes\\delivery.route.js": {"path":"D:\\WorkSpace\\project\\KiemChung\\commerce-app-api\\src\\routes\\delivery.route.js","statementMap":{"0":{"start":{"line":1,"column":15},"end":{"line":1,"column":42}},"1":{"start":{"line":2,"column":27},"end":{"line":2,"column":72}},"2":{"start":{"line":3,"column":40},"end":{"line":3,"column":77}},"3":{"start":{"line":5,"column":0},"end":{"line":5,"column":68}},"4":{"start":{"line":6,"column":0},"end":{"line":6,"column":76}},"5":{"start":{"line":7,"column":0},"end":{"line":7,"column":76}},"6":{"start":{"line":9,"column":0},"end":{"line":9,"column":24}}},"fnMap":{},"branchMap":{},"s":{"0":7,"1":7,"2":7,"3":7,"4":7,"5":7,"6":7},"f":{},"b":{},"_coverageSchema":"1a1c01bbd47fc00a2c39e90264f33305004495a9","hash":"a9135ad27626b90653ace87e9d44038676ff74dc"}
,"D:\\WorkSpace\\project\\KiemChung\\commerce-app-api\\src\\routes\\discount.route.js": {"path":"D:\\WorkSpace\\project\\KiemChung\\commerce-app-api\\src\\routes\\discount.route.js","statementMap":{"0":{"start":{"line":1,"column":16},"end":{"line":1,"column":34}},"1":{"start":{"line":2,"column":15},"end":{"line":2,"column":31}},"2":{"start":{"line":3,"column":27},"end":{"line":3,"column":72}},"3":{"start":{"line":4,"column":24},"end":{"line":4,"column":61}},"4":{"start":{"line":6,"column":0},"end":{"line":6,"column":24}},"5":{"start":{"line":7,"column":0},"end":{"line":7,"column":62}},"6":{"start":{"line":8,"column":0},"end":{"line":8,"column":73}},"7":{"start":{"line":9,"column":0},"end":{"line":9,"column":65}},"8":{"start":{"line":10,"column":0},"end":{"line":10,"column":72}},"9":{"start":{"line":11,"column":0},"end":{"line":11,"column":75}},"10":{"start":{"line":13,"column":0},"end":{"line":13,"column":24}}},"fnMap":{},"branchMap":{},"s":{"0":7,"1":7,"2":7,"3":7,"4":7,"5":7,"6":7,"7":7,"8":7,"9":7,"10":7},"f":{},"b":{},"_coverageSchema":"1a1c01bbd47fc00a2c39e90264f33305004495a9","hash":"0402bb97e036d7f76980cc340d0c092d12122d74"}
,"D:\\WorkSpace\\project\\KiemChung\\commerce-app-api\\src\\routes\\listOfProductsBuy.route.js": {"path":"D:\\WorkSpace\\project\\KiemChung\\commerce-app-api\\src\\routes\\listOfProductsBuy.route.js","statementMap":{"0":{"start":{"line":1,"column":15},"end":{"line":1,"column":42}},"1":{"start":{"line":2,"column":35},"end":{"line":2,"column":88}},"2":{"start":{"line":3,"column":40},"end":{"line":3,"column":77}},"3":{"start":{"line":5,"column":0},"end":{"line":9,"column":2}},"4":{"start":{"line":10,"column":0},"end":{"line":14,"column":2}},"5":{"start":{"line":15,"column":0},"end":{"line":19,"column":2}},"6":{"start":{"line":20,"column":0},"end":{"line":24,"column":2}},"7":{"start":{"line":26,"column":0},"end":{"line":26,"column":24}}},"fnMap":{},"branchMap":{},"s":{"0":7,"1":7,"2":7,"3":7,"4":7,"5":7,"6":7,"7":7},"f":{},"b":{},"_coverageSchema":"1a1c01bbd47fc00a2c39e90264f33305004495a9","hash":"a53faa05ee387bd68cbc9aef26969670cd3ad647"}
,"D:\\WorkSpace\\project\\KiemChung\\commerce-app-api\\src\\routes\\order.route.js": {"path":"D:\\WorkSpace\\project\\KiemChung\\commerce-app-api\\src\\routes\\order.route.js","statementMap":{"0":{"start":{"line":1,"column":15},"end":{"line":1,"column":42}},"1":{"start":{"line":2,"column":24},"end":{"line":2,"column":66}},"2":{"start":{"line":3,"column":40},"end":{"line":3,"column":77}},"3":{"start":{"line":5,"column":0},"end":{"line":5,"column":59}},"4":{"start":{"line":6,"column":0},"end":{"line":6,"column":70}},"5":{"start":{"line":7,"column":0},"end":{"line":7,"column":71}},"6":{"start":{"line":8,"column":0},"end":{"line":8,"column":65}},"7":{"start":{"line":9,"column":0},"end":{"line":9,"column":62}},"8":{"start":{"line":10,"column":0},"end":{"line":10,"column":63}},"9":{"start":{"line":12,"column":0},"end":{"line":12,"column":24}}},"fnMap":{},"branchMap":{},"s":{"0":7,"1":7,"2":7,"3":7,"4":7,"5":7,"6":7,"7":7,"8":7,"9":7},"f":{},"b":{},"_coverageSchema":"1a1c01bbd47fc00a2c39e90264f33305004495a9","hash":"54e907b6dfb5e3b0dea5d61979e5ef0d413342be"}
,"D:\\WorkSpace\\project\\KiemChung\\commerce-app-api\\src\\routes\\payment.route.js": {"path":"D:\\WorkSpace\\project\\KiemChung\\commerce-app-api\\src\\routes\\payment.route.js","statementMap":{"0":{"start":{"line":1,"column":15},"end":{"line":1,"column":42}},"1":{"start":{"line":2,"column":26},"end":{"line":2,"column":70}},"2":{"start":{"line":3,"column":24},"end":{"line":3,"column":61}},"3":{"start":{"line":5,"column":0},"end":{"line":5,"column":71}},"4":{"start":{"line":7,"column":0},"end":{"line":7,"column":24}}},"fnMap":{},"branchMap":{},"s":{"0":7,"1":7,"2":7,"3":7,"4":7},"f":{},"b":{},"_coverageSchema":"1a1c01bbd47fc00a2c39e90264f33305004495a9","hash":"ca01b157bb1af33726e0f7420ee0152e2e77b0c7"}
,"D:\\WorkSpace\\project\\KiemChung\\commerce-app-api\\src\\routes\\product.route.js": {"path":"D:\\WorkSpace\\project\\KiemChung\\commerce-app-api\\src\\routes\\product.route.js","statementMap":{"0":{"start":{"line":1,"column":15},"end":{"line":1,"column":42}},"1":{"start":{"line":2,"column":26},"end":{"line":2,"column":72}},"2":{"start":{"line":3,"column":24},"end":{"line":3,"column":61}},"3":{"start":{"line":5,"column":0},"end":{"line":5,"column":63}},"4":{"start":{"line":6,"column":0},"end":{"line":6,"column":67}},"5":{"start":{"line":7,"column":0},"end":{"line":7,"column":68}},"6":{"start":{"line":8,"column":0},"end":{"line":8,"column":49}},"7":{"start":{"line":9,"column":0},"end":{"line":9,"column":50}},"8":{"start":{"line":11,"column":0},"end":{"line":11,"column":24}}},"fnMap":{},"branchMap":{},"s":{"0":7,"1":7,"2":7,"3":7,"4":7,"5":7,"6":7,"7":7,"8":7},"f":{},"b":{},"_coverageSchema":"1a1c01bbd47fc00a2c39e90264f33305004495a9","hash":"6172a585a22190b05c9ef8853e3551a1ed512ba4"}
,"D:\\WorkSpace\\project\\KiemChung\\commerce-app-api\\src\\routes\\user.route.js": {"path":"D:\\WorkSpace\\project\\KiemChung\\commerce-app-api\\src\\routes\\user.route.js","statementMap":{"0":{"start":{"line":1,"column":16},"end":{"line":1,"column":34}},"1":{"start":{"line":2,"column":15},"end":{"line":2,"column":31}},"2":{"start":{"line":3,"column":23},"end":{"line":3,"column":64}},"3":{"start":{"line":4,"column":40},"end":{"line":4,"column":77}},"4":{"start":{"line":6,"column":0},"end":{"line":6,"column":59}},"5":{"start":{"line":7,"column":0},"end":{"line":7,"column":65}},"6":{"start":{"line":8,"column":0},"end":{"line":8,"column":56}},"7":{"start":{"line":9,"column":0},"end":{"line":9,"column":77}},"8":{"start":{"line":10,"column":0},"end":{"line":10,"column":24}}},"fnMap":{},"branchMap":{},"s":{"0":7,"1":7,"2":7,"3":7,"4":7,"5":7,"6":7,"7":7,"8":7},"f":{},"b":{},"_coverageSchema":"1a1c01bbd47fc00a2c39e90264f33305004495a9","hash":"6cb5ef98c80f1907f05d0aefa5ffdf05c1ed2044"}
,"D:\\WorkSpace\\project\\KiemChung\\commerce-app-api\\src\\services\\auth.service.js": {"path":"D:\\WorkSpace\\project\\KiemChung\\commerce-app-api\\src\\services\\auth.service.js","statementMap":{"0":{"start":{"line":1,"column":15},"end":{"line":1,"column":45}},"1":{"start":{"line":2,"column":17},"end":{"line":2,"column":37}},"2":{"start":{"line":3,"column":12},"end":{"line":3,"column":35}},"3":{"start":{"line":5,"column":0},"end":{"line":32,"column":2}},"4":{"start":{"line":7,"column":4},"end":{"line":30,"column":7}},"5":{"start":{"line":8,"column":6},"end":{"line":29,"column":7}},"6":{"start":{"line":9,"column":25},"end":{"line":9,"column":74}},"7":{"start":{"line":10,"column":8},"end":{"line":12,"column":9}},"8":{"start":{"line":11,"column":10},"end":{"line":11,"column":39}},"9":{"start":{"line":13,"column":26},"end":{"line":23,"column":10}},"10":{"start":{"line":25,"column":27},"end":{"line":25,"column":49}},"11":{"start":{"line":26,"column":8},"end":{"line":26,"column":28}},"12":{"start":{"line":28,"column":8},"end":{"line":28,"column":20}}},"fnMap":{"0":{"name":"(anonymous_0)","decl":{"start":{"line":6,"column":19},"end":{"line":6,"column":20}},"loc":{"start":{"line":6,"column":29},"end":{"line":31,"column":3}},"line":6},"1":{"name":"(anonymous_1)","decl":{"start":{"line":7,"column":23},"end":{"line":7,"column":24}},"loc":{"start":{"line":7,"column":50},"end":{"line":30,"column":5}},"line":7}},"branchMap":{"0":{"loc":{"start":{"line":10,"column":8},"end":{"line":12,"column":9}},"type":"if","locations":[{"start":{"line":10,"column":8},"end":{"line":12,"column":9}},{"start":{},"end":{}}],"line":10},"1":{"loc":{"start":{"line":16,"column":12},"end":{"line":21,"column":18}},"type":"cond-expr","locations":[{"start":{"line":17,"column":16},"end":{"line":20,"column":28}},{"start":{"line":21,"column":16},"end":{"line":21,"column":18}}],"line":16}},"s":{"0":7,"1":7,"2":7,"3":7,"4":4,"5":4,"6":4,"7":4,"8":0,"9":4,"10":4,"11":2,"12":2},"f":{"0":4,"1":4},"b":{"0":[0,4],"1":[3,1]},"_coverageSchema":"1a1c01bbd47fc00a2c39e90264f33305004495a9","hash":"977019813f7ec3e5fdd19b5dca16b01e48415934"}
,"D:\\WorkSpace\\project\\KiemChung\\commerce-app-api\\src\\services\\category.service.js": {"path":"D:\\WorkSpace\\project\\KiemChung\\commerce-app-api\\src\\services\\category.service.js","statementMap":{"0":{"start":{"line":1,"column":17},"end":{"line":1,"column":46}},"1":{"start":{"line":2,"column":0},"end":{"line":16,"column":2}},"2":{"start":{"line":3,"column":2},"end":{"line":15,"column":5}},"3":{"start":{"line":4,"column":4},"end":{"line":14,"column":5}},"4":{"start":{"line":5,"column":6},"end":{"line":11,"column":41}},"5":{"start":{"line":6,"column":28},"end":{"line":6,"column":50}},"6":{"start":{"line":7,"column":29},"end":{"line":7,"column":53}},"7":{"start":{"line":9,"column":10},"end":{"line":9,"column":27}},"8":{"start":{"line":10,"column":8},"end":{"line":10,"column":33}},"9":{"start":{"line":11,"column":13},"end":{"line":11,"column":41}},"10":{"start":{"line":13,"column":6},"end":{"line":13,"column":16}},"11":{"start":{"line":17,"column":0},"end":{"line":27,"column":2}},"12":{"start":{"line":18,"column":2},"end":{"line":26,"column":5}},"13":{"start":{"line":19,"column":4},"end":{"line":25,"column":5}},"14":{"start":{"line":20,"column":6},"end":{"line":20,"column":61}},"15":{"start":{"line":21,"column":29},"end":{"line":21,"column":64}},"16":{"start":{"line":22,"column":6},"end":{"line":22,"column":30}},"17":{"start":{"line":24,"column":6},"end":{"line":24,"column":16}},"18":{"start":{"line":28,"column":0},"end":{"line":37,"column":2}},"19":{"start":{"line":29,"column":2},"end":{"line":36,"column":5}},"20":{"start":{"line":30,"column":4},"end":{"line":35,"column":5}},"21":{"start":{"line":31,"column":26},"end":{"line":31,"column":47}},"22":{"start":{"line":32,"column":6},"end":{"line":32,"column":27}},"23":{"start":{"line":34,"column":6},"end":{"line":34,"column":16}}},"fnMap":{"0":{"name":"(anonymous_0)","decl":{"start":{"line":2,"column":28},"end":{"line":2,"column":29}},"loc":{"start":{"line":2,"column":42},"end":{"line":16,"column":1}},"line":2},"1":{"name":"(anonymous_1)","decl":{"start":{"line":3,"column":21},"end":{"line":3,"column":22}},"loc":{"start":{"line":3,"column":48},"end":{"line":15,"column":3}},"line":3},"2":{"name":"(anonymous_2)","decl":{"start":{"line":17,"column":25},"end":{"line":17,"column":26}},"loc":{"start":{"line":17,"column":51},"end":{"line":27,"column":1}},"line":17},"3":{"name":"(anonymous_3)","decl":{"start":{"line":18,"column":21},"end":{"line":18,"column":22}},"loc":{"start":{"line":18,"column":48},"end":{"line":26,"column":3}},"line":18},"4":{"name":"(anonymous_4)","decl":{"start":{"line":28,"column":26},"end":{"line":28,"column":27}},"loc":{"start":{"line":28,"column":32},"end":{"line":37,"column":1}},"line":28},"5":{"name":"(anonymous_5)","decl":{"start":{"line":29,"column":21},"end":{"line":29,"column":22}},"loc":{"start":{"line":29,"column":48},"end":{"line":36,"column":3}},"line":29}},"branchMap":{"0":{"loc":{"start":{"line":5,"column":6},"end":{"line":11,"column":41}},"type":"if","locations":[{"start":{"line":5,"column":6},"end":{"line":11,"column":41}},{"start":{"line":11,"column":13},"end":{"line":11,"column":41}}],"line":5}},"s":{"0":7,"1":7,"2":8,"3":8,"4":8,"5":8,"6":8,"7":8,"8":8,"9":0,"10":0,"11":7,"12":2,"13":2,"14":2,"15":2,"16":2,"17":0,"18":7,"19":1,"20":1,"21":1,"22":1,"23":0},"f":{"0":8,"1":8,"2":2,"3":2,"4":1,"5":1},"b":{"0":[8,0]},"_coverageSchema":"1a1c01bbd47fc00a2c39e90264f33305004495a9","hash":"4511d585a787c13ed8cf5a454f2703b6908eee6a"}
,"D:\\WorkSpace\\project\\KiemChung\\commerce-app-api\\src\\services\\delivery.service.js": {"path":"D:\\WorkSpace\\project\\KiemChung\\commerce-app-api\\src\\services\\delivery.service.js","statementMap":{"0":{"start":{"line":1,"column":17},"end":{"line":1,"column":46}},"1":{"start":{"line":2,"column":30},"end":{"line":2,"column":66}},"2":{"start":{"line":3,"column":25},"end":{"line":3,"column":49}},"3":{"start":{"line":4,"column":0},"end":{"line":21,"column":2}},"4":{"start":{"line":5,"column":2},"end":{"line":20,"column":5}},"5":{"start":{"line":6,"column":4},"end":{"line":19,"column":5}},"6":{"start":{"line":7,"column":28},"end":{"line":9,"column":8}},"7":{"start":{"line":10,"column":6},"end":{"line":10,"column":48}},"8":{"start":{"line":10,"column":25},"end":{"line":10,"column":48}},"9":{"start":{"line":11,"column":6},"end":{"line":11,"column":62}},"10":{"start":{"line":12,"column":26},"end":{"line":12,"column":48}},"11":{"start":{"line":13,"column":27},"end":{"line":13,"column":51}},"12":{"start":{"line":15,"column":8},"end":{"line":15,"column":25}},"13":{"start":{"line":16,"column":6},"end":{"line":16,"column":31}},"14":{"start":{"line":18,"column":6},"end":{"line":18,"column":16}},"15":{"start":{"line":22,"column":0},"end":{"line":39,"column":2}},"16":{"start":{"line":23,"column":2},"end":{"line":38,"column":5}},"17":{"start":{"line":24,"column":4},"end":{"line":37,"column":5}},"18":{"start":{"line":25,"column":23},"end":{"line":25,"column":58}},"19":{"start":{"line":26,"column":6},"end":{"line":34,"column":40}},"20":{"start":{"line":27,"column":8},"end":{"line":27,"column":33}},"21":{"start":{"line":28,"column":8},"end":{"line":28,"column":30}},"22":{"start":{"line":29,"column":8},"end":{"line":31,"column":9}},"23":{"start":{"line":30,"column":10},"end":{"line":30,"column":71}},"24":{"start":{"line":32,"column":66},"end":{"line":32,"column":79}},"25":{"start":{"line":33,"column":8},"end":{"line":33,"column":33}},"26":{"start":{"line":34,"column":13},"end":{"line":34,"column":40}},"27":{"start":{"line":36,"column":6},"end":{"line":36,"column":16}},"28":{"start":{"line":40,"column":0},"end":{"line":49,"column":2}},"29":{"start":{"line":41,"column":2},"end":{"line":48,"column":5}},"30":{"start":{"line":42,"column":4},"end":{"line":47,"column":5}},"31":{"start":{"line":43,"column":23},"end":{"line":43,"column":58}},"32":{"start":{"line":44,"column":6},"end":{"line":44,"column":24}},"33":{"start":{"line":46,"column":6},"end":{"line":46,"column":16}}},"fnMap":{"0":{"name":"(anonymous_0)","decl":{"start":{"line":4,"column":28},"end":{"line":4,"column":29}},"loc":{"start":{"line":4,"column":42},"end":{"line":21,"column":1}},"line":4},"1":{"name":"(anonymous_1)","decl":{"start":{"line":5,"column":21},"end":{"line":5,"column":22}},"loc":{"start":{"line":5,"column":48},"end":{"line":20,"column":3}},"line":5},"2":{"name":"(anonymous_2)","decl":{"start":{"line":22,"column":31},"end":{"line":22,"column":32}},"loc":{"start":{"line":22,"column":55},"end":{"line":39,"column":1}},"line":22},"3":{"name":"(anonymous_3)","decl":{"start":{"line":23,"column":21},"end":{"line":23,"column":22}},"loc":{"start":{"line":23,"column":48},"end":{"line":38,"column":3}},"line":23},"4":{"name":"(anonymous_4)","decl":{"start":{"line":40,"column":22},"end":{"line":40,"column":23}},"loc":{"start":{"line":40,"column":38},"end":{"line":49,"column":1}},"line":40},"5":{"name":"(anonymous_5)","decl":{"start":{"line":41,"column":21},"end":{"line":41,"column":22}},"loc":{"start":{"line":41,"column":48},"end":{"line":48,"column":3}},"line":41}},"branchMap":{"0":{"loc":{"start":{"line":10,"column":6},"end":{"line":10,"column":48}},"type":"if","locations":[{"start":{"line":10,"column":6},"end":{"line":10,"column":48}},{"start":{},"end":{}}],"line":10},"1":{"loc":{"start":{"line":26,"column":6},"end":{"line":34,"column":40}},"type":"if","locations":[{"start":{"line":26,"column":6},"end":{"line":34,"column":40}},{"start":{"line":34,"column":13},"end":{"line":34,"column":40}}],"line":26},"2":{"loc":{"start":{"line":26,"column":10},"end":{"line":26,"column":45}},"type":"binary-expr","locations":[{"start":{"line":26,"column":10},"end":{"line":26,"column":16}},{"start":{"line":26,"column":20},"end":{"line":26,"column":45}}],"line":26},"3":{"loc":{"start":{"line":29,"column":8},"end":{"line":31,"column":9}},"type":"if","locations":[{"start":{"line":29,"column":8},"end":{"line":31,"column":9}},{"start":{},"end":{}}],"line":29}},"s":{"0":7,"1":7,"2":7,"3":7,"4":5,"5":5,"6":5,"7":5,"8":3,"9":5,"10":5,"11":5,"12":4,"13":4,"14":1,"15":7,"16":2,"17":2,"18":2,"19":2,"20":1,"21":1,"22":1,"23":0,"24":1,"25":1,"26":1,"27":0,"28":7,"29":0,"30":0,"31":0,"32":0,"33":0},"f":{"0":5,"1":5,"2":2,"3":2,"4":0,"5":0},"b":{"0":[3,2],"1":[1,1],"2":[2,1],"3":[0,1]},"_coverageSchema":"1a1c01bbd47fc00a2c39e90264f33305004495a9","hash":"71c56973e64c91d45817aab83625277e7d3f52bf"}
,"D:\\WorkSpace\\project\\KiemChung\\commerce-app-api\\src\\services\\discount.service.js": {"path":"D:\\WorkSpace\\project\\KiemChung\\commerce-app-api\\src\\services\\discount.service.js","statementMap":{"0":{"start":{"line":1,"column":17},"end":{"line":1,"column":46}},"1":{"start":{"line":3,"column":0},"end":{"line":66,"column":2}},"2":{"start":{"line":5,"column":4},"end":{"line":12,"column":7}},"3":{"start":{"line":6,"column":6},"end":{"line":11,"column":7}},"4":{"start":{"line":7,"column":26},"end":{"line":7,"column":54}},"5":{"start":{"line":8,"column":8},"end":{"line":8,"column":27}},"6":{"start":{"line":10,"column":8},"end":{"line":10,"column":22}},"7":{"start":{"line":15,"column":4},"end":{"line":22,"column":7}},"8":{"start":{"line":16,"column":6},"end":{"line":21,"column":7}},"9":{"start":{"line":17,"column":25},"end":{"line":17,"column":67}},"10":{"start":{"line":18,"column":8},"end":{"line":18,"column":26}},"11":{"start":{"line":20,"column":8},"end":{"line":20,"column":22}},"12":{"start":{"line":25,"column":4},"end":{"line":35,"column":7}},"13":{"start":{"line":26,"column":6},"end":{"line":34,"column":7}},"14":{"start":{"line":27,"column":28},"end":{"line":27,"column":54}},"15":{"start":{"line":28,"column":29},"end":{"line":28,"column":53}},"16":{"start":{"line":30,"column":10},"end":{"line":30,"column":27}},"17":{"start":{"line":31,"column":8},"end":{"line":31,"column":33}},"18":{"start":{"line":33,"column":8},"end":{"line":33,"column":22}},"19":{"start":{"line":38,"column":4},"end":{"line":54,"column":7}},"20":{"start":{"line":39,"column":6},"end":{"line":53,"column":7}},"21":{"start":{"line":40,"column":32},"end":{"line":48,"column":9}},"22":{"start":{"line":49,"column":57},"end":{"line":49,"column":77}},"23":{"start":{"line":50,"column":8},"end":{"line":50,"column":24}},"24":{"start":{"line":52,"column":8},"end":{"line":52,"column":22}},"25":{"start":{"line":57,"column":4},"end":{"line":64,"column":7}},"26":{"start":{"line":58,"column":6},"end":{"line":63,"column":7}},"27":{"start":{"line":59,"column":32},"end":{"line":59,"column":76}},"28":{"start":{"line":60,"column":8},"end":{"line":60,"column":33}},"29":{"start":{"line":62,"column":8},"end":{"line":62,"column":22}}},"fnMap":{"0":{"name":"(anonymous_0)","decl":{"start":{"line":4,"column":19},"end":{"line":4,"column":20}},"loc":{"start":{"line":4,"column":25},"end":{"line":13,"column":3}},"line":4},"1":{"name":"(anonymous_1)","decl":{"start":{"line":5,"column":23},"end":{"line":5,"column":24}},"loc":{"start":{"line":5,"column":50},"end":{"line":12,"column":5}},"line":5},"2":{"name":"(anonymous_2)","decl":{"start":{"line":14,"column":19},"end":{"line":14,"column":20}},"loc":{"start":{"line":14,"column":35},"end":{"line":23,"column":3}},"line":14},"3":{"name":"(anonymous_3)","decl":{"start":{"line":15,"column":23},"end":{"line":15,"column":24}},"loc":{"start":{"line":15,"column":50},"end":{"line":22,"column":5}},"line":15},"4":{"name":"(anonymous_4)","decl":{"start":{"line":24,"column":21},"end":{"line":24,"column":22}},"loc":{"start":{"line":24,"column":39},"end":{"line":36,"column":3}},"line":24},"5":{"name":"(anonymous_5)","decl":{"start":{"line":25,"column":23},"end":{"line":25,"column":24}},"loc":{"start":{"line":25,"column":50},"end":{"line":35,"column":5}},"line":25},"6":{"name":"(anonymous_6)","decl":{"start":{"line":37,"column":18},"end":{"line":37,"column":19}},"loc":{"start":{"line":37,"column":51},"end":{"line":55,"column":3}},"line":37},"7":{"name":"(anonymous_7)","decl":{"start":{"line":38,"column":23},"end":{"line":38,"column":24}},"loc":{"start":{"line":38,"column":50},"end":{"line":54,"column":5}},"line":38},"8":{"name":"(anonymous_8)","decl":{"start":{"line":56,"column":18},"end":{"line":56,"column":19}},"loc":{"start":{"line":56,"column":34},"end":{"line":65,"column":3}},"line":56},"9":{"name":"(anonymous_9)","decl":{"start":{"line":57,"column":23},"end":{"line":57,"column":24}},"loc":{"start":{"line":57,"column":50},"end":{"line":64,"column":5}},"line":57}},"branchMap":{},"s":{"0":7,"1":7,"2":2,"3":2,"4":2,"5":2,"6":0,"7":2,"8":2,"9":2,"10":1,"11":1,"12":7,"13":7,"14":7,"15":7,"16":6,"17":6,"18":1,"19":2,"20":2,"21":2,"22":1,"23":1,"24":1,"25":2,"26":2,"27":2,"28":1,"29":1},"f":{"0":2,"1":2,"2":2,"3":2,"4":7,"5":7,"6":2,"7":2,"8":2,"9":2},"b":{},"_coverageSchema":"1a1c01bbd47fc00a2c39e90264f33305004495a9","hash":"b0736130964fde97d50974ad692c83904e3924b5"}
,"D:\\WorkSpace\\project\\KiemChung\\commerce-app-api\\src\\services\\listOfProductBuy.service.js": {"path":"D:\\WorkSpace\\project\\KiemChung\\commerce-app-api\\src\\services\\listOfProductBuy.service.js","statementMap":{"0":{"start":{"line":1,"column":25},"end":{"line":1,"column":62}},"1":{"start":{"line":3,"column":0},"end":{"line":59,"column":2}},"2":{"start":{"line":5,"column":4},"end":{"line":15,"column":7}},"3":{"start":{"line":6,"column":6},"end":{"line":14,"column":7}},"4":{"start":{"line":7,"column":34},"end":{"line":7,"column":76}},"5":{"start":{"line":8,"column":35},"end":{"line":8,"column":65}},"6":{"start":{"line":10,"column":10},"end":{"line":10,"column":33}},"7":{"start":{"line":11,"column":8},"end":{"line":11,"column":36}},"8":{"start":{"line":13,"column":8},"end":{"line":13,"column":22}},"9":{"start":{"line":18,"column":4},"end":{"line":35,"column":7}},"10":{"start":{"line":19,"column":6},"end":{"line":34,"column":7}},"11":{"start":{"line":20,"column":38},"end":{"line":28,"column":9}},"12":{"start":{"line":30,"column":10},"end":{"line":30,"column":36}},"13":{"start":{"line":31,"column":8},"end":{"line":31,"column":24}},"14":{"start":{"line":33,"column":8},"end":{"line":33,"column":22}},"15":{"start":{"line":38,"column":4},"end":{"line":47,"column":7}},"16":{"start":{"line":39,"column":6},"end":{"line":46,"column":7}},"17":{"start":{"line":40,"column":38},"end":{"line":42,"column":9}},"18":{"start":{"line":43,"column":8},"end":{"line":43,"column":39}},"19":{"start":{"line":45,"column":8},"end":{"line":45,"column":22}},"20":{"start":{"line":50,"column":4},"end":{"line":57,"column":7}},"21":{"start":{"line":51,"column":6},"end":{"line":56,"column":7}},"22":{"start":{"line":52,"column":31},"end":{"line":52,"column":74}},"23":{"start":{"line":53,"column":8},"end":{"line":53,"column":32}},"24":{"start":{"line":55,"column":8},"end":{"line":55,"column":22}}},"fnMap":{"0":{"name":"(anonymous_0)","decl":{"start":{"line":4,"column":27},"end":{"line":4,"column":28}},"loc":{"start":{"line":4,"column":53},"end":{"line":16,"column":3}},"line":4},"1":{"name":"(anonymous_1)","decl":{"start":{"line":5,"column":23},"end":{"line":5,"column":24}},"loc":{"start":{"line":5,"column":50},"end":{"line":15,"column":5}},"line":5},"2":{"name":"(anonymous_2)","decl":{"start":{"line":17,"column":24},"end":{"line":17,"column":25}},"loc":{"start":{"line":17,"column":67},"end":{"line":36,"column":3}},"line":17},"3":{"name":"(anonymous_3)","decl":{"start":{"line":18,"column":23},"end":{"line":18,"column":24}},"loc":{"start":{"line":18,"column":50},"end":{"line":35,"column":5}},"line":18},"4":{"name":"(anonymous_4)","decl":{"start":{"line":37,"column":24},"end":{"line":37,"column":25}},"loc":{"start":{"line":37,"column":45},"end":{"line":48,"column":3}},"line":37},"5":{"name":"(anonymous_5)","decl":{"start":{"line":38,"column":23},"end":{"line":38,"column":24}},"loc":{"start":{"line":38,"column":50},"end":{"line":47,"column":5}},"line":38},"6":{"name":"(anonymous_6)","decl":{"start":{"line":49,"column":30},"end":{"line":49,"column":31}},"loc":{"start":{"line":49,"column":46},"end":{"line":58,"column":3}},"line":49},"7":{"name":"(anonymous_7)","decl":{"start":{"line":50,"column":23},"end":{"line":50,"column":24}},"loc":{"start":{"line":50,"column":50},"end":{"line":57,"column":5}},"line":50}},"branchMap":{},"s":{"0":7,"1":7,"2":0,"3":0,"4":0,"5":0,"6":0,"7":0,"8":0,"9":0,"10":0,"11":0,"12":0,"13":0,"14":0,"15":0,"16":0,"17":0,"18":0,"19":0,"20":0,"21":0,"22":0,"23":0,"24":0},"f":{"0":0,"1":0,"2":0,"3":0,"4":0,"5":0,"6":0,"7":0},"b":{},"_coverageSchema":"1a1c01bbd47fc00a2c39e90264f33305004495a9","hash":"be4665b58231fe18720fb9b56cedbb66e1be97c2"}
,"D:\\WorkSpace\\project\\KiemChung\\commerce-app-api\\src\\services\\order.service.js": {"path":"D:\\WorkSpace\\project\\KiemChung\\commerce-app-api\\src\\services\\order.service.js","statementMap":{"0":{"start":{"line":1,"column":14},"end":{"line":1,"column":40}},"1":{"start":{"line":2,"column":16},"end":{"line":2,"column":44}},"2":{"start":{"line":6,"column":4},"end":{"line":6,"column":42}},"3":{"start":{"line":7,"column":0},"end":{"line":31,"column":2}},"4":{"start":{"line":8,"column":2},"end":{"line":30,"column":5}},"5":{"start":{"line":9,"column":4},"end":{"line":29,"column":5}},"6":{"start":{"line":10,"column":6},"end":{"line":10,"column":44}},"7":{"start":{"line":10,"column":24},"end":{"line":10,"column":44}},"8":{"start":{"line":11,"column":6},"end":{"line":13,"column":7}},"9":{"start":{"line":12,"column":8},"end":{"line":12,"column":63}},"10":{"start":{"line":14,"column":6},"end":{"line":14,"column":32}},"11":{"start":{"line":15,"column":23},"end":{"line":15,"column":39}},"12":{"start":{"line":16,"column":6},"end":{"line":18,"column":9}},"13":{"start":{"line":19,"column":24},"end":{"line":19,"column":45}},"14":{"start":{"line":20,"column":56},"end":{"line":20,"column":69}},"15":{"start":{"line":21,"column":29},"end":{"line":24,"column":7}},"16":{"start":{"line":25,"column":6},"end":{"line":25,"column":65}},"17":{"start":{"line":26,"column":6},"end":{"line":26,"column":28}},"18":{"start":{"line":28,"column":6},"end":{"line":28,"column":16}},"19":{"start":{"line":32,"column":0},"end":{"line":62,"column":2}},"20":{"start":{"line":38,"column":2},"end":{"line":61,"column":5}},"21":{"start":{"line":39,"column":4},"end":{"line":60,"column":5}},"22":{"start":{"line":40,"column":20},"end":{"line":40,"column":71}},"23":{"start":{"line":41,"column":6},"end":{"line":43,"column":7}},"24":{"start":{"line":42,"column":8},"end":{"line":42,"column":34}},"25":{"start":{"line":44,"column":6},"end":{"line":46,"column":7}},"26":{"start":{"line":45,"column":8},"end":{"line":45,"column":49}},"27":{"start":{"line":47,"column":6},"end":{"line":47,"column":27}},"28":{"start":{"line":48,"column":6},"end":{"line":50,"column":7}},"29":{"start":{"line":49,"column":8},"end":{"line":49,"column":60}},"30":{"start":{"line":51,"column":6},"end":{"line":51,"column":19}},"31":{"start":{"line":52,"column":22},"end":{"line":52,"column":56}},"32":{"start":{"line":53,"column":6},"end":{"line":56,"column":7}},"33":{"start":{"line":54,"column":8},"end":{"line":54,"column":41}},"34":{"start":{"line":55,"column":8},"end":{"line":55,"column":23}},"35":{"start":{"line":57,"column":6},"end":{"line":57,"column":28}},"36":{"start":{"line":59,"column":6},"end":{"line":59,"column":16}},"37":{"start":{"line":63,"column":0},"end":{"line":65,"column":2}},"38":{"start":{"line":64,"column":2},"end":{"line":64,"column":19}},"39":{"start":{"line":66,"column":0},"end":{"line":80,"column":2}},"40":{"start":{"line":67,"column":2},"end":{"line":79,"column":5}},"41":{"start":{"line":68,"column":4},"end":{"line":78,"column":5}},"42":{"start":{"line":69,"column":26},"end":{"line":73,"column":7}},"43":{"start":{"line":74,"column":6},"end":{"line":74,"column":48}},"44":{"start":{"line":74,"column":24},"end":{"line":74,"column":48}},"45":{"start":{"line":75,"column":6},"end":{"line":75,"column":27}},"46":{"start":{"line":77,"column":6},"end":{"line":77,"column":16}},"47":{"start":{"line":81,"column":0},"end":{"line":90,"column":2}},"48":{"start":{"line":82,"column":2},"end":{"line":89,"column":5}},"49":{"start":{"line":83,"column":4},"end":{"line":88,"column":5}},"50":{"start":{"line":84,"column":23},"end":{"line":84,"column":48}},"51":{"start":{"line":85,"column":6},"end":{"line":85,"column":24}},"52":{"start":{"line":87,"column":6},"end":{"line":87,"column":16}},"53":{"start":{"line":91,"column":0},"end":{"line":100,"column":2}},"54":{"start":{"line":92,"column":2},"end":{"line":99,"column":5}},"55":{"start":{"line":93,"column":4},"end":{"line":98,"column":5}},"56":{"start":{"line":94,"column":24},"end":{"line":94,"column":71}},"57":{"start":{"line":95,"column":6},"end":{"line":95,"column":25}},"58":{"start":{"line":97,"column":6},"end":{"line":97,"column":16}}},"fnMap":{"0":{"name":"(anonymous_0)","decl":{"start":{"line":7,"column":25},"end":{"line":7,"column":26}},"loc":{"start":{"line":7,"column":44},"end":{"line":31,"column":1}},"line":7},"1":{"name":"(anonymous_1)","decl":{"start":{"line":8,"column":21},"end":{"line":8,"column":22}},"loc":{"start":{"line":8,"column":48},"end":{"line":30,"column":3}},"line":8},"2":{"name":"(anonymous_2)","decl":{"start":{"line":32,"column":30},"end":{"line":32,"column":31}},"loc":{"start":{"line":37,"column":5},"end":{"line":62,"column":1}},"line":37},"3":{"name":"(anonymous_3)","decl":{"start":{"line":38,"column":21},"end":{"line":38,"column":22}},"loc":{"start":{"line":38,"column":48},"end":{"line":61,"column":3}},"line":38},"4":{"name":"(anonymous_4)","decl":{"start":{"line":63,"column":25},"end":{"line":63,"column":26}},"loc":{"start":{"line":63,"column":40},"end":{"line":65,"column":1}},"line":63},"5":{"name":"(anonymous_5)","decl":{"start":{"line":66,"column":28},"end":{"line":66,"column":29}},"loc":{"start":{"line":66,"column":49},"end":{"line":80,"column":1}},"line":66},"6":{"name":"(anonymous_6)","decl":{"start":{"line":67,"column":21},"end":{"line":67,"column":22}},"loc":{"start":{"line":67,"column":48},"end":{"line":79,"column":3}},"line":67},"7":{"name":"(anonymous_7)","decl":{"start":{"line":81,"column":23},"end":{"line":81,"column":24}},"loc":{"start":{"line":81,"column":29},"end":{"line":90,"column":1}},"line":81},"8":{"name":"(anonymous_8)","decl":{"start":{"line":82,"column":21},"end":{"line":82,"column":22}},"loc":{"start":{"line":82,"column":48},"end":{"line":89,"column":3}},"line":82},"9":{"name":"(anonymous_9)","decl":{"start":{"line":91,"column":27},"end":{"line":91,"column":28}},"loc":{"start":{"line":91,"column":39},"end":{"line":100,"column":1}},"line":91},"10":{"name":"(anonymous_10)","decl":{"start":{"line":92,"column":21},"end":{"line":92,"column":22}},"loc":{"start":{"line":92,"column":48},"end":{"line":99,"column":3}},"line":92}},"branchMap":{"0":{"loc":{"start":{"line":10,"column":6},"end":{"line":10,"column":44}},"type":"if","locations":[{"start":{"line":10,"column":6},"end":{"line":10,"column":44}},{"start":{},"end":{}}],"line":10},"1":{"loc":{"start":{"line":11,"column":6},"end":{"line":13,"column":7}},"type":"if","locations":[{"start":{"line":11,"column":6},"end":{"line":13,"column":7}},{"start":{},"end":{}}],"line":11},"2":{"loc":{"start":{"line":36,"column":2},"end":{"line":36,"column":19}},"type":"default-arg","locations":[{"start":{"line":36,"column":17},"end":{"line":36,"column":19}}],"line":36},"3":{"loc":{"start":{"line":41,"column":6},"end":{"line":43,"column":7}},"type":"if","locations":[{"start":{"line":41,"column":6},"end":{"line":43,"column":7}},{"start":{},"end":{}}],"line":41},"4":{"loc":{"start":{"line":44,"column":6},"end":{"line":46,"column":7}},"type":"if","locations":[{"start":{"line":44,"column":6},"end":{"line":46,"column":7}},{"start":{},"end":{}}],"line":44},"5":{"loc":{"start":{"line":48,"column":6},"end":{"line":50,"column":7}},"type":"if","locations":[{"start":{"line":48,"column":6},"end":{"line":50,"column":7}},{"start":{},"end":{}}],"line":48},"6":{"loc":{"start":{"line":53,"column":6},"end":{"line":56,"column":7}},"type":"if","locations":[{"start":{"line":53,"column":6},"end":{"line":56,"column":7}},{"start":{},"end":{}}],"line":53},"7":{"loc":{"start":{"line":74,"column":6},"end":{"line":74,"column":48}},"type":"if","locations":[{"start":{"line":74,"column":6},"end":{"line":74,"column":48}},{"start":{},"end":{}}],"line":74}},"s":{"0":7,"1":7,"2":7,"3":7,"4":1,"5":1,"6":1,"7":0,"8":1,"9":1,"10":1,"11":1,"12":1,"13":1,"14":1,"15":1,"16":1,"17":1,"18":0,"19":7,"20":0,"21":0,"22":0,"23":0,"24":0,"25":0,"26":0,"27":0,"28":0,"29":0,"30":0,"31":0,"32":0,"33":0,"34":0,"35":0,"36":0,"37":7,"38":1,"39":7,"40":0,"41":0,"42":0,"43":0,"44":0,"45":0,"46":0,"47":7,"48":0,"49":0,"50":0,"51":0,"52":0,"53":7,"54":0,"55":0,"56":0,"57":0,"58":0},"f":{"0":1,"1":1,"2":0,"3":0,"4":1,"5":0,"6":0,"7":0,"8":0,"9":0,"10":0},"b":{"0":[0,1],"1":[1,0],"2":[0],"3":[0,0],"4":[0,0],"5":[0,0],"6":[0,0],"7":[0,0]},"_coverageSchema":"1a1c01bbd47fc00a2c39e90264f33305004495a9","hash":"6d7482e660dfc65725c321001b1c9d7c74944c95"}
,"D:\\WorkSpace\\project\\KiemChung\\commerce-app-api\\src\\services\\payment.service.js": {"path":"D:\\WorkSpace\\project\\KiemChung\\commerce-app-api\\src\\services\\payment.service.js","statementMap":{"0":{"start":{"line":1,"column":16},"end":{"line":1,"column":44}},"1":{"start":{"line":2,"column":0},"end":{"line":13,"column":2}},"2":{"start":{"line":3,"column":2},"end":{"line":12,"column":5}},"3":{"start":{"line":4,"column":4},"end":{"line":11,"column":5}},"4":{"start":{"line":5,"column":25},"end":{"line":5,"column":45}},"5":{"start":{"line":6,"column":26},"end":{"line":6,"column":49}},"6":{"start":{"line":7,"column":63},"end":{"line":7,"column":79}},"7":{"start":{"line":8,"column":6},"end":{"line":8,"column":30}},"8":{"start":{"line":10,"column":6},"end":{"line":10,"column":16}},"9":{"start":{"line":14,"column":0},"end":{"line":27,"column":2}},"10":{"start":{"line":15,"column":2},"end":{"line":26,"column":5}},"11":{"start":{"line":16,"column":4},"end":{"line":25,"column":5}},"12":{"start":{"line":17,"column":28},"end":{"line":21,"column":7}},"13":{"start":{"line":22,"column":6},"end":{"line":22,"column":29}},"14":{"start":{"line":24,"column":6},"end":{"line":24,"column":16}}},"fnMap":{"0":{"name":"(anonymous_0)","decl":{"start":{"line":2,"column":27},"end":{"line":2,"column":28}},"loc":{"start":{"line":2,"column":40},"end":{"line":13,"column":1}},"line":2},"1":{"name":"(anonymous_1)","decl":{"start":{"line":3,"column":21},"end":{"line":3,"column":22}},"loc":{"start":{"line":3,"column":48},"end":{"line":12,"column":3}},"line":3},"2":{"name":"(anonymous_2)","decl":{"start":{"line":14,"column":24},"end":{"line":14,"column":25}},"loc":{"start":{"line":14,"column":46},"end":{"line":27,"column":1}},"line":14},"3":{"name":"(anonymous_3)","decl":{"start":{"line":15,"column":21},"end":{"line":15,"column":22}},"loc":{"start":{"line":15,"column":48},"end":{"line":26,"column":3}},"line":15}},"branchMap":{},"s":{"0":7,"1":7,"2":1,"3":1,"4":1,"5":1,"6":1,"7":1,"8":0,"9":7,"10":1,"11":1,"12":1,"13":1,"14":0},"f":{"0":1,"1":1,"2":1,"3":1},"b":{},"_coverageSchema":"1a1c01bbd47fc00a2c39e90264f33305004495a9","hash":"2576781b203b830ccad561156eaf83302062d45e"}
,"D:\\WorkSpace\\project\\KiemChung\\commerce-app-api\\src\\services\\product.service.js": {"path":"D:\\WorkSpace\\project\\KiemChung\\commerce-app-api\\src\\services\\product.service.js","statementMap":{"0":{"start":{"line":1,"column":16},"end":{"line":1,"column":44}},"1":{"start":{"line":2,"column":0},"end":{"line":13,"column":2}},"2":{"start":{"line":3,"column":2},"end":{"line":12,"column":5}},"3":{"start":{"line":4,"column":4},"end":{"line":11,"column":5}},"4":{"start":{"line":5,"column":25},"end":{"line":5,"column":45}},"5":{"start":{"line":6,"column":26},"end":{"line":6,"column":49}},"6":{"start":{"line":7,"column":63},"end":{"line":7,"column":79}},"7":{"start":{"line":8,"column":6},"end":{"line":8,"column":30}},"8":{"start":{"line":10,"column":6},"end":{"line":10,"column":16}},"9":{"start":{"line":14,"column":0},"end":{"line":24,"column":2}},"10":{"start":{"line":15,"column":2},"end":{"line":23,"column":5}},"11":{"start":{"line":16,"column":4},"end":{"line":22,"column":5}},"12":{"start":{"line":17,"column":6},"end":{"line":17,"column":58}},"13":{"start":{"line":18,"column":28},"end":{"line":18,"column":61}},"14":{"start":{"line":19,"column":6},"end":{"line":19,"column":29}},"15":{"start":{"line":21,"column":6},"end":{"line":21,"column":16}},"16":{"start":{"line":25,"column":0},"end":{"line":34,"column":2}},"17":{"start":{"line":26,"column":2},"end":{"line":33,"column":5}},"18":{"start":{"line":27,"column":4},"end":{"line":32,"column":5}},"19":{"start":{"line":28,"column":25},"end":{"line":28,"column":52}},"20":{"start":{"line":29,"column":6},"end":{"line":29,"column":26}},"21":{"start":{"line":31,"column":6},"end":{"line":31,"column":16}}},"fnMap":{"0":{"name":"(anonymous_0)","decl":{"start":{"line":2,"column":27},"end":{"line":2,"column":28}},"loc":{"start":{"line":2,"column":40},"end":{"line":13,"column":1}},"line":2},"1":{"name":"(anonymous_1)","decl":{"start":{"line":3,"column":21},"end":{"line":3,"column":22}},"loc":{"start":{"line":3,"column":48},"end":{"line":12,"column":3}},"line":3},"2":{"name":"(anonymous_2)","decl":{"start":{"line":14,"column":24},"end":{"line":14,"column":25}},"loc":{"start":{"line":14,"column":48},"end":{"line":24,"column":1}},"line":14},"3":{"name":"(anonymous_3)","decl":{"start":{"line":15,"column":21},"end":{"line":15,"column":22}},"loc":{"start":{"line":15,"column":48},"end":{"line":23,"column":3}},"line":15},"4":{"name":"(anonymous_4)","decl":{"start":{"line":25,"column":25},"end":{"line":25,"column":26}},"loc":{"start":{"line":25,"column":31},"end":{"line":34,"column":1}},"line":25},"5":{"name":"(anonymous_5)","decl":{"start":{"line":26,"column":21},"end":{"line":26,"column":22}},"loc":{"start":{"line":26,"column":48},"end":{"line":33,"column":3}},"line":26}},"branchMap":{},"s":{"0":7,"1":7,"2":10,"3":10,"4":10,"5":10,"6":9,"7":9,"8":1,"9":7,"10":2,"11":2,"12":2,"13":1,"14":1,"15":1,"16":7,"17":1,"18":1,"19":1,"20":1,"21":0},"f":{"0":10,"1":10,"2":2,"3":2,"4":1,"5":1},"b":{},"_coverageSchema":"1a1c01bbd47fc00a2c39e90264f33305004495a9","hash":"c47a28995a0f909602c762b684ce87cac3460316"}
,"D:\\WorkSpace\\project\\KiemChung\\commerce-app-api\\src\\testUtils\\auth.testUtils.js": {"path":"D:\\WorkSpace\\project\\KiemChung\\commerce-app-api\\src\\testUtils\\auth.testUtils.js","statementMap":{"0":{"start":{"line":1,"column":17},"end":{"line":1,"column":36}},"1":{"start":{"line":2,"column":12},"end":{"line":2,"column":35}},"2":{"start":{"line":4,"column":15},"end":{"line":4,"column":55}},"3":{"start":{"line":5,"column":20},"end":{"line":10,"column":1}},"4":{"start":{"line":11,"column":29},"end":{"line":20,"column":1}},"5":{"start":{"line":21,"column":14},"end":{"line":28,"column":1}},"6":{"start":{"line":29,"column":20},"end":{"line":39,"column":1}},"7":{"start":{"line":30,"column":16},"end":{"line":37,"column":3}},"8":{"start":{"line":38,"column":2},"end":{"line":38,"column":15}},"9":{"start":{"line":40,"column":25},"end":{"line":44,"column":1}},"10":{"start":{"line":46,"column":19},"end":{"line":53,"column":1}},"11":{"start":{"line":54,"column":19},"end":{"line":61,"column":1}},"12":{"start":{"line":63,"column":0},"end":{"line":72,"column":2}}},"fnMap":{"0":{"name":"(anonymous_0)","decl":{"start":{"line":29,"column":20},"end":{"line":29,"column":21}},"loc":{"start":{"line":29,"column":40},"end":{"line":39,"column":1}},"line":29}},"branchMap":{},"s":{"0":7,"1":7,"2":7,"3":7,"4":7,"5":7,"6":7,"7":1,"8":1,"9":7,"10":7,"11":7,"12":7},"f":{"0":1},"b":{},"_coverageSchema":"1a1c01bbd47fc00a2c39e90264f33305004495a9","hash":"e02e3ea68933319a3eb5e2872d3f4d5d84fa290e"}
,"D:\\WorkSpace\\project\\KiemChung\\commerce-app-api\\src\\testUtils\\category.testUtils.js": {"path":"D:\\WorkSpace\\project\\KiemChung\\commerce-app-api\\src\\testUtils\\category.testUtils.js","statementMap":{"0":{"start":{"line":1,"column":24},"end":{"line":3,"column":1}},"1":{"start":{"line":4,"column":30},"end":{"line":6,"column":1}},"2":{"start":{"line":8,"column":0},"end":{"line":8,"column":60}}},"fnMap":{},"branchMap":{},"s":{"0":1,"1":1,"2":1},"f":{},"b":{},"_coverageSchema":"1a1c01bbd47fc00a2c39e90264f33305004495a9","hash":"6509203f1388df1b6f43e76f7c3b44ba2fed2cc3"}
,"D:\\WorkSpace\\project\\KiemChung\\commerce-app-api\\src\\testUtils\\delivery.testUtils.js": {"path":"D:\\WorkSpace\\project\\KiemChung\\commerce-app-api\\src\\testUtils\\delivery.testUtils.js","statementMap":{"0":{"start":{"line":1,"column":0},"end":{"line":5,"column":2}},"1":{"start":{"line":6,"column":0},"end":{"line":8,"column":2}},"2":{"start":{"line":9,"column":0},"end":{"line":9,"column":59}}},"fnMap":{},"branchMap":{},"s":{"0":1,"1":1,"2":1},"f":{},"b":{},"_coverageSchema":"1a1c01bbd47fc00a2c39e90264f33305004495a9","hash":"cd08791a85ebec0e4d8addabe74b99e372bcc2e7"}
,"D:\\WorkSpace\\project\\KiemChung\\commerce-app-api\\src\\testUtils\\discount.testUtils.js": {"path":"D:\\WorkSpace\\project\\KiemChung\\commerce-app-api\\src\\testUtils\\discount.testUtils.js","statementMap":{"0":{"start":{"line":1,"column":0},"end":{"line":12,"column":2}}},"fnMap":{},"branchMap":{},"s":{"0":1},"f":{},"b":{},"_coverageSchema":"1a1c01bbd47fc00a2c39e90264f33305004495a9","hash":"b2e92d0280bfb7d5287bdd6bdeeef6e65a831920"}
,"D:\\WorkSpace\\project\\KiemChung\\commerce-app-api\\src\\testUtils\\order.testUtils.js": {"path":"D:\\WorkSpace\\project\\KiemChung\\commerce-app-api\\src\\testUtils\\order.testUtils.js","statementMap":{"0":{"start":{"line":1,"column":30},"end":{"line":1,"column":49}},"1":{"start":{"line":3,"column":21},"end":{"line":17,"column":1}},"2":{"start":{"line":18,"column":0},"end":{"line":18,"column":24}},"3":{"start":{"line":19,"column":0},"end":{"line":19,"column":34}}},"fnMap":{},"branchMap":{},"s":{"0":1,"1":1,"2":1,"3":1},"f":{},"b":{},"_coverageSchema":"1a1c01bbd47fc00a2c39e90264f33305004495a9","hash":"77c625829ffa4d57a3c46d0d148f7dea8e1bbbcc"}
,"D:\\WorkSpace\\project\\KiemChung\\commerce-app-api\\src\\testUtils\\payment.testUtils.js": {"path":"D:\\WorkSpace\\project\\KiemChung\\commerce-app-api\\src\\testUtils\\payment.testUtils.js","statementMap":{"0":{"start":{"line":1,"column":17},"end":{"line":1,"column":36}},"1":{"start":{"line":3,"column":0},"end":{"line":5,"column":2}},"2":{"start":{"line":7,"column":0},"end":{"line":7,"column":47}}},"fnMap":{},"branchMap":{},"s":{"0":1,"1":1,"2":1},"f":{},"b":{},"_coverageSchema":"1a1c01bbd47fc00a2c39e90264f33305004495a9","hash":"f23aaa3b85016b3e0bdc9c305a3b5c526972add6"}
,"D:\\WorkSpace\\project\\KiemChung\\commerce-app-api\\src\\testUtils\\product.testUtils.js": {"path":"D:\\WorkSpace\\project\\KiemChung\\commerce-app-api\\src\\testUtils\\product.testUtils.js","statementMap":{"0":{"start":{"line":1,"column":0},"end":{"line":11,"column":2}},"1":{"start":{"line":12,"column":0},"end":{"line":12,"column":36}}},"fnMap":{},"branchMap":{},"s":{"0":3,"1":3},"f":{},"b":{},"_coverageSchema":"1a1c01bbd47fc00a2c39e90264f33305004495a9","hash":"252ef38ffbd90d56797400927ccfcf5c943bd1fa"}
,"D:\\WorkSpace\\project\\KiemChung\\commerce-app-api\\src\\testUtils\\user.testUtils.js": {"path":"D:\\WorkSpace\\project\\KiemChung\\commerce-app-api\\src\\testUtils\\user.testUtils.js","statementMap":{"0":{"start":{"line":1,"column":29},"end":{"line":14,"column":1}},"1":{"start":{"line":15,"column":27},"end":{"line":20,"column":1}},"2":{"start":{"line":21,"column":34},"end":{"line":25,"column":1}},"3":{"start":{"line":26,"column":0},"end":{"line":30,"column":2}}},"fnMap":{},"branchMap":{},"s":{"0":1,"1":1,"2":1,"3":1},"f":{},"b":{},"_coverageSchema":"1a1c01bbd47fc00a2c39e90264f33305004495a9","hash":"dc6e27259ce443d3205320d912b03f496f5b27a9"}
,"D:\\WorkSpace\\project\\KiemChung\\commerce-app-api\\src\\utils\\enum.js": {"path":"D:\\WorkSpace\\project\\KiemChung\\commerce-app-api\\src\\utils\\enum.js","statementMap":{"0":{"start":{"line":1,"column":21},"end":{"line":7,"column":1}},"1":{"start":{"line":8,"column":23},"end":{"line":12,"column":1}},"2":{"start":{"line":14,"column":0},"end":{"line":14,"column":50}}},"fnMap":{},"branchMap":{},"s":{"0":7,"1":7,"2":7},"f":{},"b":{},"_coverageSchema":"1a1c01bbd47fc00a2c39e90264f33305004495a9","hash":"2fbe4ac58571a1c7fa1f5b88f088cb3aceb42743"}
,"D:\\WorkSpace\\project\\KiemChung\\commerce-app-api\\src\\utils\\server.js": {"path":"D:\\WorkSpace\\project\\KiemChung\\commerce-app-api\\src\\utils\\server.js","statementMap":{"0":{"start":{"line":1,"column":16},"end":{"line":1,"column":34}},"1":{"start":{"line":2,"column":19},"end":{"line":2,"column":41}},"2":{"start":{"line":3,"column":13},"end":{"line":3,"column":28}},"3":{"start":{"line":4,"column":19},"end":{"line":4,"column":50}},"4":{"start":{"line":5,"column":22},"end":{"line":5,"column":56}},"5":{"start":{"line":6,"column":23},"end":{"line":6,"column":58}},"6":{"start":{"line":7,"column":23},"end":{"line":7,"column":58}},"7":{"start":{"line":8,"column":20},"end":{"line":8,"column":52}},"8":{"start":{"line":9,"column":23},"end":{"line":9,"column":58}},"9":{"start":{"line":10,"column":22},"end":{"line":10,"column":56}},"10":{"start":{"line":11,"column":19},"end":{"line":11,"column":50}},"11":{"start":{"line":12,"column":31},"end":{"line":12,"column":75}},"12":{"start":{"line":13,"column":15},"end":{"line":13,"column":32}},"13":{"start":{"line":15,"column":18},"end":{"line":32,"column":1}},"14":{"start":{"line":16,"column":2},"end":{"line":16,"column":18}},"15":{"start":{"line":17,"column":14},"end":{"line":17,"column":23}},"16":{"start":{"line":18,"column":2},"end":{"line":18,"column":53}},"17":{"start":{"line":19,"column":2},"end":{"line":19,"column":29}},"18":{"start":{"line":20,"column":2},"end":{"line":20,"column":53}},"19":{"start":{"line":21,"column":2},"end":{"line":21,"column":30}},"20":{"start":{"line":22,"column":2},"end":{"line":22,"column":41}},"21":{"start":{"line":23,"column":2},"end":{"line":23,"column":43}},"22":{"start":{"line":24,"column":2},"end":{"line":24,"column":43}},"23":{"start":{"line":25,"column":2},"end":{"line":25,"column":35}},"24":{"start":{"line":26,"column":2},"end":{"line":26,"column":37}},"25":{"start":{"line":27,"column":2},"end":{"line":27,"column":41}},"26":{"start":{"line":28,"column":2},"end":{"line":28,"column":43}},"27":{"start":{"line":29,"column":2},"end":{"line":29,"column":59}},"28":{"start":{"line":31,"column":2},"end":{"line":31,"column":13}},"29":{"start":{"line":34,"column":0},"end":{"line":34,"column":27}}},"fnMap":{"0":{"name":"(anonymous_0)","decl":{"start":{"line":15,"column":18},"end":{"line":15,"column":19}},"loc":{"start":{"line":15,"column":24},"end":{"line":32,"column":1}},"line":15}},"branchMap":{},"s":{"0":7,"1":7,"2":7,"3":7,"4":7,"5":7,"6":7,"7":7,"8":7,"9":7,"10":7,"11":7,"12":7,"13":7,"14":7,"15":7,"16":7,"17":7,"18":7,"19":7,"20":7,"21":7,"22":7,"23":7,"24":7,"25":7,"26":7,"27":7,"28":7,"29":7},"f":{"0":7},"b":{},"_coverageSchema":"1a1c01bbd47fc00a2c39e90264f33305004495a9","hash":"396b2d0cec1a4c8773d52ddcdcb802717805884c"}
}
